The system is: Linux - 5.11.0-40-generic - x86_64
Compiling the C compiler identification source file "CMakeCCompilerId.c" succeeded.
Compiler: /usr/bin/cc 
Build flags: 
Id flags:  

The output was:
0


Compilation of the C compiler identification source "CMakeCCompilerId.c" produced "a.out"

The C compiler identification is GNU, found in "/home/ana/Cpp-Practical-Course/sheet05/exercise2/build/CMakeFiles/3.16.3/CompilerIdC/a.out"

Compiling the CXX compiler identification source file "CMakeCXXCompilerId.cpp" succeeded.
Compiler: /usr/bin/c++ 
Build flags: 
Id flags:  

The output was:
0


Compilation of the CXX compiler identification source "CMakeCXXCompilerId.cpp" produced "a.out"

The CXX compiler identification is GNU, found in "/home/ana/Cpp-Practical-Course/sheet05/exercise2/build/CMakeFiles/3.16.3/CompilerIdCXX/a.out"

Determining if the C compiler works passed with the following output:
Change Dir: /home/ana/Cpp-Practical-Course/sheet05/exercise2/build/CMakeFiles/CMakeTmp

Run Build Command(s):/usr/bin/make cmTC_95457/fast && /usr/bin/make -f CMakeFiles/cmTC_95457.dir/build.make CMakeFiles/cmTC_95457.dir/build
make[1]: Entering directory '/home/ana/Cpp-Practical-Course/sheet05/exercise2/build/CMakeFiles/CMakeTmp'
Building C object CMakeFiles/cmTC_95457.dir/testCCompiler.c.o
/usr/bin/cc    -o CMakeFiles/cmTC_95457.dir/testCCompiler.c.o   -c /home/ana/Cpp-Practical-Course/sheet05/exercise2/build/CMakeFiles/CMakeTmp/testCCompiler.c
Linking C executable cmTC_95457
/usr/bin/cmake -E cmake_link_script CMakeFiles/cmTC_95457.dir/link.txt --verbose=1
/usr/bin/cc      CMakeFiles/cmTC_95457.dir/testCCompiler.c.o  -o cmTC_95457 
make[1]: Leaving directory '/home/ana/Cpp-Practical-Course/sheet05/exercise2/build/CMakeFiles/CMakeTmp'



Detecting C compiler ABI info compiled with the following output:
Change Dir: /home/ana/Cpp-Practical-Course/sheet05/exercise2/build/CMakeFiles/CMakeTmp

Run Build Command(s):/usr/bin/make cmTC_2759a/fast && /usr/bin/make -f CMakeFiles/cmTC_2759a.dir/build.make CMakeFiles/cmTC_2759a.dir/build
make[1]: Entering directory '/home/ana/Cpp-Practical-Course/sheet05/exercise2/build/CMakeFiles/CMakeTmp'
Building C object CMakeFiles/cmTC_2759a.dir/CMakeCCompilerABI.c.o
/usr/bin/cc   -v -o CMakeFiles/cmTC_2759a.dir/CMakeCCompilerABI.c.o   -c /usr/share/cmake-3.16/Modules/CMakeCCompilerABI.c
Using built-in specs.
COLLECT_GCC=/usr/bin/cc
OFFLOAD_TARGET_NAMES=nvptx-none:amdgcn-amdhsa:hsa
OFFLOAD_TARGET_DEFAULT=1
Target: x86_64-linux-gnu
Configured with: ../src/configure -v --with-pkgversion='Ubuntu 10.3.0-1ubuntu1~20.04' --with-bugurl=file:///usr/share/doc/gcc-10/README.Bugs --enable-languages=c,ada,c++,go,brig,d,fortran,objc,obj-c++,m2 --prefix=/usr --with-gcc-major-version-only --program-suffix=-10 --program-prefix=x86_64-linux-gnu- --enable-shared --enable-linker-build-id --libexecdir=/usr/lib --without-included-gettext --enable-threads=posix --libdir=/usr/lib --enable-nls --enable-bootstrap --enable-clocale=gnu --enable-libstdcxx-debug --enable-libstdcxx-time=yes --with-default-libstdcxx-abi=new --enable-gnu-unique-object --disable-vtable-verify --enable-plugin --enable-default-pie --with-system-zlib --enable-libphobos-checking=release --with-target-system-zlib=auto --enable-objc-gc=auto --enable-multiarch --disable-werror --with-arch-32=i686 --with-abi=m64 --with-multilib-list=m32,m64,mx32 --enable-multilib --with-tune=generic --enable-offload-targets=nvptx-none=/build/gcc-10-S4I5Pr/gcc-10-10.3.0/debian/tmp-nvptx/usr,amdgcn-amdhsa=/build/gcc-10-S4I5Pr/gcc-10-10.3.0/debian/tmp-gcn/usr,hsa --without-cuda-driver --enable-checking=release --build=x86_64-linux-gnu --host=x86_64-linux-gnu --target=x86_64-linux-gnu --with-build-config=bootstrap-lto-lean --enable-link-mutex
Thread model: posix
Supported LTO compression algorithms: zlib zstd
gcc version 10.3.0 (Ubuntu 10.3.0-1ubuntu1~20.04) 
COLLECT_GCC_OPTIONS='-v' '-o' 'CMakeFiles/cmTC_2759a.dir/CMakeCCompilerABI.c.o' '-c' '-mtune=generic' '-march=x86-64'
 /usr/lib/gcc/x86_64-linux-gnu/10/cc1 -quiet -v -imultiarch x86_64-linux-gnu /usr/share/cmake-3.16/Modules/CMakeCCompilerABI.c -quiet -dumpbase CMakeCCompilerABI.c -mtune=generic -march=x86-64 -auxbase-strip CMakeFiles/cmTC_2759a.dir/CMakeCCompilerABI.c.o -version -fasynchronous-unwind-tables -fstack-protector-strong -Wformat -Wformat-security -fstack-clash-protection -fcf-protection -o /tmp/ccdMPE1d.s
GNU C17 (Ubuntu 10.3.0-1ubuntu1~20.04) version 10.3.0 (x86_64-linux-gnu)
	compiled by GNU C version 10.3.0, GMP version 6.2.0, MPFR version 4.0.2, MPC version 1.1.0, isl version isl-0.22.1-GMP

GGC heuristics: --param ggc-min-expand=100 --param ggc-min-heapsize=131072
ignoring nonexistent directory "/usr/local/include/x86_64-linux-gnu"
ignoring nonexistent directory "/usr/lib/gcc/x86_64-linux-gnu/10/include-fixed"
ignoring nonexistent directory "/usr/lib/gcc/x86_64-linux-gnu/10/../../../../x86_64-linux-gnu/include"
#include "..." search starts here:
#include <...> search starts here:
 /usr/lib/gcc/x86_64-linux-gnu/10/include
 /usr/local/include
 /usr/include/x86_64-linux-gnu
 /usr/include
End of search list.
GNU C17 (Ubuntu 10.3.0-1ubuntu1~20.04) version 10.3.0 (x86_64-linux-gnu)
	compiled by GNU C version 10.3.0, GMP version 6.2.0, MPFR version 4.0.2, MPC version 1.1.0, isl version isl-0.22.1-GMP

GGC heuristics: --param ggc-min-expand=100 --param ggc-min-heapsize=131072
Compiler executable checksum: f2dc2f7bd2244142e4cf7a4d43b693bf
COLLECT_GCC_OPTIONS='-v' '-o' 'CMakeFiles/cmTC_2759a.dir/CMakeCCompilerABI.c.o' '-c' '-mtune=generic' '-march=x86-64'
 as -v --64 -o CMakeFiles/cmTC_2759a.dir/CMakeCCompilerABI.c.o /tmp/ccdMPE1d.s
GNU assembler version 2.34 (x86_64-linux-gnu) using BFD version (GNU Binutils for Ubuntu) 2.34
COMPILER_PATH=/usr/lib/gcc/x86_64-linux-gnu/10/:/usr/lib/gcc/x86_64-linux-gnu/10/:/usr/lib/gcc/x86_64-linux-gnu/:/usr/lib/gcc/x86_64-linux-gnu/10/:/usr/lib/gcc/x86_64-linux-gnu/
LIBRARY_PATH=/usr/lib/gcc/x86_64-linux-gnu/10/:/usr/lib/gcc/x86_64-linux-gnu/10/../../../x86_64-linux-gnu/:/usr/lib/gcc/x86_64-linux-gnu/10/../../../../lib/:/lib/x86_64-linux-gnu/:/lib/../lib/:/usr/lib/x86_64-linux-gnu/:/usr/lib/../lib/:/usr/lib/gcc/x86_64-linux-gnu/10/../../../:/lib/:/usr/lib/
COLLECT_GCC_OPTIONS='-v' '-o' 'CMakeFiles/cmTC_2759a.dir/CMakeCCompilerABI.c.o' '-c' '-mtune=generic' '-march=x86-64'
Linking C executable cmTC_2759a
/usr/bin/cmake -E cmake_link_script CMakeFiles/cmTC_2759a.dir/link.txt --verbose=1
/usr/bin/cc     -v CMakeFiles/cmTC_2759a.dir/CMakeCCompilerABI.c.o  -o cmTC_2759a 
Using built-in specs.
COLLECT_GCC=/usr/bin/cc
COLLECT_LTO_WRAPPER=/usr/lib/gcc/x86_64-linux-gnu/10/lto-wrapper
OFFLOAD_TARGET_NAMES=nvptx-none:amdgcn-amdhsa:hsa
OFFLOAD_TARGET_DEFAULT=1
Target: x86_64-linux-gnu
Configured with: ../src/configure -v --with-pkgversion='Ubuntu 10.3.0-1ubuntu1~20.04' --with-bugurl=file:///usr/share/doc/gcc-10/README.Bugs --enable-languages=c,ada,c++,go,brig,d,fortran,objc,obj-c++,m2 --prefix=/usr --with-gcc-major-version-only --program-suffix=-10 --program-prefix=x86_64-linux-gnu- --enable-shared --enable-linker-build-id --libexecdir=/usr/lib --without-included-gettext --enable-threads=posix --libdir=/usr/lib --enable-nls --enable-bootstrap --enable-clocale=gnu --enable-libstdcxx-debug --enable-libstdcxx-time=yes --with-default-libstdcxx-abi=new --enable-gnu-unique-object --disable-vtable-verify --enable-plugin --enable-default-pie --with-system-zlib --enable-libphobos-checking=release --with-target-system-zlib=auto --enable-objc-gc=auto --enable-multiarch --disable-werror --with-arch-32=i686 --with-abi=m64 --with-multilib-list=m32,m64,mx32 --enable-multilib --with-tune=generic --enable-offload-targets=nvptx-none=/build/gcc-10-S4I5Pr/gcc-10-10.3.0/debian/tmp-nvptx/usr,amdgcn-amdhsa=/build/gcc-10-S4I5Pr/gcc-10-10.3.0/debian/tmp-gcn/usr,hsa --without-cuda-driver --enable-checking=release --build=x86_64-linux-gnu --host=x86_64-linux-gnu --target=x86_64-linux-gnu --with-build-config=bootstrap-lto-lean --enable-link-mutex
Thread model: posix
Supported LTO compression algorithms: zlib zstd
gcc version 10.3.0 (Ubuntu 10.3.0-1ubuntu1~20.04) 
COMPILER_PATH=/usr/lib/gcc/x86_64-linux-gnu/10/:/usr/lib/gcc/x86_64-linux-gnu/10/:/usr/lib/gcc/x86_64-linux-gnu/:/usr/lib/gcc/x86_64-linux-gnu/10/:/usr/lib/gcc/x86_64-linux-gnu/
LIBRARY_PATH=/usr/lib/gcc/x86_64-linux-gnu/10/:/usr/lib/gcc/x86_64-linux-gnu/10/../../../x86_64-linux-gnu/:/usr/lib/gcc/x86_64-linux-gnu/10/../../../../lib/:/lib/x86_64-linux-gnu/:/lib/../lib/:/usr/lib/x86_64-linux-gnu/:/usr/lib/../lib/:/usr/lib/gcc/x86_64-linux-gnu/10/../../../:/lib/:/usr/lib/
COLLECT_GCC_OPTIONS='-v' '-o' 'cmTC_2759a' '-mtune=generic' '-march=x86-64'
 /usr/lib/gcc/x86_64-linux-gnu/10/collect2 -plugin /usr/lib/gcc/x86_64-linux-gnu/10/liblto_plugin.so -plugin-opt=/usr/lib/gcc/x86_64-linux-gnu/10/lto-wrapper -plugin-opt=-fresolution=/tmp/ccfXQ7gD.res -plugin-opt=-pass-through=-lgcc -plugin-opt=-pass-through=-lgcc_s -plugin-opt=-pass-through=-lc -plugin-opt=-pass-through=-lgcc -plugin-opt=-pass-through=-lgcc_s --build-id --eh-frame-hdr -m elf_x86_64 --hash-style=gnu --as-needed -dynamic-linker /lib64/ld-linux-x86-64.so.2 -pie -z now -z relro -o cmTC_2759a /usr/lib/gcc/x86_64-linux-gnu/10/../../../x86_64-linux-gnu/Scrt1.o /usr/lib/gcc/x86_64-linux-gnu/10/../../../x86_64-linux-gnu/crti.o /usr/lib/gcc/x86_64-linux-gnu/10/crtbeginS.o -L/usr/lib/gcc/x86_64-linux-gnu/10 -L/usr/lib/gcc/x86_64-linux-gnu/10/../../../x86_64-linux-gnu -L/usr/lib/gcc/x86_64-linux-gnu/10/../../../../lib -L/lib/x86_64-linux-gnu -L/lib/../lib -L/usr/lib/x86_64-linux-gnu -L/usr/lib/../lib -L/usr/lib/gcc/x86_64-linux-gnu/10/../../.. CMakeFiles/cmTC_2759a.dir/CMakeCCompilerABI.c.o -lgcc --push-state --as-needed -lgcc_s --pop-state -lc -lgcc --push-state --as-needed -lgcc_s --pop-state /usr/lib/gcc/x86_64-linux-gnu/10/crtendS.o /usr/lib/gcc/x86_64-linux-gnu/10/../../../x86_64-linux-gnu/crtn.o
COLLECT_GCC_OPTIONS='-v' '-o' 'cmTC_2759a' '-mtune=generic' '-march=x86-64'
make[1]: Leaving directory '/home/ana/Cpp-Practical-Course/sheet05/exercise2/build/CMakeFiles/CMakeTmp'



Parsed C implicit include dir info from above output: rv=done
  found start of include info
  found start of implicit include info
    add: [/usr/lib/gcc/x86_64-linux-gnu/10/include]
    add: [/usr/local/include]
    add: [/usr/include/x86_64-linux-gnu]
    add: [/usr/include]
  end of search list found
  collapse include dir [/usr/lib/gcc/x86_64-linux-gnu/10/include] ==> [/usr/lib/gcc/x86_64-linux-gnu/10/include]
  collapse include dir [/usr/local/include] ==> [/usr/local/include]
  collapse include dir [/usr/include/x86_64-linux-gnu] ==> [/usr/include/x86_64-linux-gnu]
  collapse include dir [/usr/include] ==> [/usr/include]
  implicit include dirs: [/usr/lib/gcc/x86_64-linux-gnu/10/include;/usr/local/include;/usr/include/x86_64-linux-gnu;/usr/include]


Parsed C implicit link information from above output:
  link line regex: [^( *|.*[/\])(ld|CMAKE_LINK_STARTFILE-NOTFOUND|([^/\]+-)?ld|collect2)[^/\]*( |$)]
  ignore line: [Change Dir: /home/ana/Cpp-Practical-Course/sheet05/exercise2/build/CMakeFiles/CMakeTmp]
  ignore line: []
  ignore line: [Run Build Command(s):/usr/bin/make cmTC_2759a/fast && /usr/bin/make -f CMakeFiles/cmTC_2759a.dir/build.make CMakeFiles/cmTC_2759a.dir/build]
  ignore line: [make[1]: Entering directory '/home/ana/Cpp-Practical-Course/sheet05/exercise2/build/CMakeFiles/CMakeTmp']
  ignore line: [Building C object CMakeFiles/cmTC_2759a.dir/CMakeCCompilerABI.c.o]
  ignore line: [/usr/bin/cc   -v -o CMakeFiles/cmTC_2759a.dir/CMakeCCompilerABI.c.o   -c /usr/share/cmake-3.16/Modules/CMakeCCompilerABI.c]
  ignore line: [Using built-in specs.]
  ignore line: [COLLECT_GCC=/usr/bin/cc]
  ignore line: [OFFLOAD_TARGET_NAMES=nvptx-none:amdgcn-amdhsa:hsa]
  ignore line: [OFFLOAD_TARGET_DEFAULT=1]
  ignore line: [Target: x86_64-linux-gnu]
  ignore line: [Configured with: ../src/configure -v --with-pkgversion='Ubuntu 10.3.0-1ubuntu1~20.04' --with-bugurl=file:///usr/share/doc/gcc-10/README.Bugs --enable-languages=c ada c++ go brig d fortran objc obj-c++ m2 --prefix=/usr --with-gcc-major-version-only --program-suffix=-10 --program-prefix=x86_64-linux-gnu- --enable-shared --enable-linker-build-id --libexecdir=/usr/lib --without-included-gettext --enable-threads=posix --libdir=/usr/lib --enable-nls --enable-bootstrap --enable-clocale=gnu --enable-libstdcxx-debug --enable-libstdcxx-time=yes --with-default-libstdcxx-abi=new --enable-gnu-unique-object --disable-vtable-verify --enable-plugin --enable-default-pie --with-system-zlib --enable-libphobos-checking=release --with-target-system-zlib=auto --enable-objc-gc=auto --enable-multiarch --disable-werror --with-arch-32=i686 --with-abi=m64 --with-multilib-list=m32 m64 mx32 --enable-multilib --with-tune=generic --enable-offload-targets=nvptx-none=/build/gcc-10-S4I5Pr/gcc-10-10.3.0/debian/tmp-nvptx/usr amdgcn-amdhsa=/build/gcc-10-S4I5Pr/gcc-10-10.3.0/debian/tmp-gcn/usr hsa --without-cuda-driver --enable-checking=release --build=x86_64-linux-gnu --host=x86_64-linux-gnu --target=x86_64-linux-gnu --with-build-config=bootstrap-lto-lean --enable-link-mutex]
  ignore line: [Thread model: posix]
  ignore line: [Supported LTO compression algorithms: zlib zstd]
  ignore line: [gcc version 10.3.0 (Ubuntu 10.3.0-1ubuntu1~20.04) ]
  ignore line: [COLLECT_GCC_OPTIONS='-v' '-o' 'CMakeFiles/cmTC_2759a.dir/CMakeCCompilerABI.c.o' '-c' '-mtune=generic' '-march=x86-64']
  ignore line: [ /usr/lib/gcc/x86_64-linux-gnu/10/cc1 -quiet -v -imultiarch x86_64-linux-gnu /usr/share/cmake-3.16/Modules/CMakeCCompilerABI.c -quiet -dumpbase CMakeCCompilerABI.c -mtune=generic -march=x86-64 -auxbase-strip CMakeFiles/cmTC_2759a.dir/CMakeCCompilerABI.c.o -version -fasynchronous-unwind-tables -fstack-protector-strong -Wformat -Wformat-security -fstack-clash-protection -fcf-protection -o /tmp/ccdMPE1d.s]
  ignore line: [GNU C17 (Ubuntu 10.3.0-1ubuntu1~20.04) version 10.3.0 (x86_64-linux-gnu)]
  ignore line: [	compiled by GNU C version 10.3.0  GMP version 6.2.0  MPFR version 4.0.2  MPC version 1.1.0  isl version isl-0.22.1-GMP]
  ignore line: []
  ignore line: [GGC heuristics: --param ggc-min-expand=100 --param ggc-min-heapsize=131072]
  ignore line: [ignoring nonexistent directory "/usr/local/include/x86_64-linux-gnu"]
  ignore line: [ignoring nonexistent directory "/usr/lib/gcc/x86_64-linux-gnu/10/include-fixed"]
  ignore line: [ignoring nonexistent directory "/usr/lib/gcc/x86_64-linux-gnu/10/../../../../x86_64-linux-gnu/include"]
  ignore line: [#include "..." search starts here:]
  ignore line: [#include <...> search starts here:]
  ignore line: [ /usr/lib/gcc/x86_64-linux-gnu/10/include]
  ignore line: [ /usr/local/include]
  ignore line: [ /usr/include/x86_64-linux-gnu]
  ignore line: [ /usr/include]
  ignore line: [End of search list.]
  ignore line: [GNU C17 (Ubuntu 10.3.0-1ubuntu1~20.04) version 10.3.0 (x86_64-linux-gnu)]
  ignore line: [	compiled by GNU C version 10.3.0  GMP version 6.2.0  MPFR version 4.0.2  MPC version 1.1.0  isl version isl-0.22.1-GMP]
  ignore line: []
  ignore line: [GGC heuristics: --param ggc-min-expand=100 --param ggc-min-heapsize=131072]
  ignore line: [Compiler executable checksum: f2dc2f7bd2244142e4cf7a4d43b693bf]
  ignore line: [COLLECT_GCC_OPTIONS='-v' '-o' 'CMakeFiles/cmTC_2759a.dir/CMakeCCompilerABI.c.o' '-c' '-mtune=generic' '-march=x86-64']
  ignore line: [ as -v --64 -o CMakeFiles/cmTC_2759a.dir/CMakeCCompilerABI.c.o /tmp/ccdMPE1d.s]
  ignore line: [GNU assembler version 2.34 (x86_64-linux-gnu) using BFD version (GNU Binutils for Ubuntu) 2.34]
  ignore line: [COMPILER_PATH=/usr/lib/gcc/x86_64-linux-gnu/10/:/usr/lib/gcc/x86_64-linux-gnu/10/:/usr/lib/gcc/x86_64-linux-gnu/:/usr/lib/gcc/x86_64-linux-gnu/10/:/usr/lib/gcc/x86_64-linux-gnu/]
  ignore line: [LIBRARY_PATH=/usr/lib/gcc/x86_64-linux-gnu/10/:/usr/lib/gcc/x86_64-linux-gnu/10/../../../x86_64-linux-gnu/:/usr/lib/gcc/x86_64-linux-gnu/10/../../../../lib/:/lib/x86_64-linux-gnu/:/lib/../lib/:/usr/lib/x86_64-linux-gnu/:/usr/lib/../lib/:/usr/lib/gcc/x86_64-linux-gnu/10/../../../:/lib/:/usr/lib/]
  ignore line: [COLLECT_GCC_OPTIONS='-v' '-o' 'CMakeFiles/cmTC_2759a.dir/CMakeCCompilerABI.c.o' '-c' '-mtune=generic' '-march=x86-64']
  ignore line: [Linking C executable cmTC_2759a]
  ignore line: [/usr/bin/cmake -E cmake_link_script CMakeFiles/cmTC_2759a.dir/link.txt --verbose=1]
  ignore line: [/usr/bin/cc     -v CMakeFiles/cmTC_2759a.dir/CMakeCCompilerABI.c.o  -o cmTC_2759a ]
  ignore line: [Using built-in specs.]
  ignore line: [COLLECT_GCC=/usr/bin/cc]
  ignore line: [COLLECT_LTO_WRAPPER=/usr/lib/gcc/x86_64-linux-gnu/10/lto-wrapper]
  ignore line: [OFFLOAD_TARGET_NAMES=nvptx-none:amdgcn-amdhsa:hsa]
  ignore line: [OFFLOAD_TARGET_DEFAULT=1]
  ignore line: [Target: x86_64-linux-gnu]
  ignore line: [Configured with: ../src/configure -v --with-pkgversion='Ubuntu 10.3.0-1ubuntu1~20.04' --with-bugurl=file:///usr/share/doc/gcc-10/README.Bugs --enable-languages=c ada c++ go brig d fortran objc obj-c++ m2 --prefix=/usr --with-gcc-major-version-only --program-suffix=-10 --program-prefix=x86_64-linux-gnu- --enable-shared --enable-linker-build-id --libexecdir=/usr/lib --without-included-gettext --enable-threads=posix --libdir=/usr/lib --enable-nls --enable-bootstrap --enable-clocale=gnu --enable-libstdcxx-debug --enable-libstdcxx-time=yes --with-default-libstdcxx-abi=new --enable-gnu-unique-object --disable-vtable-verify --enable-plugin --enable-default-pie --with-system-zlib --enable-libphobos-checking=release --with-target-system-zlib=auto --enable-objc-gc=auto --enable-multiarch --disable-werror --with-arch-32=i686 --with-abi=m64 --with-multilib-list=m32 m64 mx32 --enable-multilib --with-tune=generic --enable-offload-targets=nvptx-none=/build/gcc-10-S4I5Pr/gcc-10-10.3.0/debian/tmp-nvptx/usr amdgcn-amdhsa=/build/gcc-10-S4I5Pr/gcc-10-10.3.0/debian/tmp-gcn/usr hsa --without-cuda-driver --enable-checking=release --build=x86_64-linux-gnu --host=x86_64-linux-gnu --target=x86_64-linux-gnu --with-build-config=bootstrap-lto-lean --enable-link-mutex]
  ignore line: [Thread model: posix]
  ignore line: [Supported LTO compression algorithms: zlib zstd]
  ignore line: [gcc version 10.3.0 (Ubuntu 10.3.0-1ubuntu1~20.04) ]
  ignore line: [COMPILER_PATH=/usr/lib/gcc/x86_64-linux-gnu/10/:/usr/lib/gcc/x86_64-linux-gnu/10/:/usr/lib/gcc/x86_64-linux-gnu/:/usr/lib/gcc/x86_64-linux-gnu/10/:/usr/lib/gcc/x86_64-linux-gnu/]
  ignore line: [LIBRARY_PATH=/usr/lib/gcc/x86_64-linux-gnu/10/:/usr/lib/gcc/x86_64-linux-gnu/10/../../../x86_64-linux-gnu/:/usr/lib/gcc/x86_64-linux-gnu/10/../../../../lib/:/lib/x86_64-linux-gnu/:/lib/../lib/:/usr/lib/x86_64-linux-gnu/:/usr/lib/../lib/:/usr/lib/gcc/x86_64-linux-gnu/10/../../../:/lib/:/usr/lib/]
  ignore line: [COLLECT_GCC_OPTIONS='-v' '-o' 'cmTC_2759a' '-mtune=generic' '-march=x86-64']
  link line: [ /usr/lib/gcc/x86_64-linux-gnu/10/collect2 -plugin /usr/lib/gcc/x86_64-linux-gnu/10/liblto_plugin.so -plugin-opt=/usr/lib/gcc/x86_64-linux-gnu/10/lto-wrapper -plugin-opt=-fresolution=/tmp/ccfXQ7gD.res -plugin-opt=-pass-through=-lgcc -plugin-opt=-pass-through=-lgcc_s -plugin-opt=-pass-through=-lc -plugin-opt=-pass-through=-lgcc -plugin-opt=-pass-through=-lgcc_s --build-id --eh-frame-hdr -m elf_x86_64 --hash-style=gnu --as-needed -dynamic-linker /lib64/ld-linux-x86-64.so.2 -pie -z now -z relro -o cmTC_2759a /usr/lib/gcc/x86_64-linux-gnu/10/../../../x86_64-linux-gnu/Scrt1.o /usr/lib/gcc/x86_64-linux-gnu/10/../../../x86_64-linux-gnu/crti.o /usr/lib/gcc/x86_64-linux-gnu/10/crtbeginS.o -L/usr/lib/gcc/x86_64-linux-gnu/10 -L/usr/lib/gcc/x86_64-linux-gnu/10/../../../x86_64-linux-gnu -L/usr/lib/gcc/x86_64-linux-gnu/10/../../../../lib -L/lib/x86_64-linux-gnu -L/lib/../lib -L/usr/lib/x86_64-linux-gnu -L/usr/lib/../lib -L/usr/lib/gcc/x86_64-linux-gnu/10/../../.. CMakeFiles/cmTC_2759a.dir/CMakeCCompilerABI.c.o -lgcc --push-state --as-needed -lgcc_s --pop-state -lc -lgcc --push-state --as-needed -lgcc_s --pop-state /usr/lib/gcc/x86_64-linux-gnu/10/crtendS.o /usr/lib/gcc/x86_64-linux-gnu/10/../../../x86_64-linux-gnu/crtn.o]
    arg [/usr/lib/gcc/x86_64-linux-gnu/10/collect2] ==> ignore
    arg [-plugin] ==> ignore
    arg [/usr/lib/gcc/x86_64-linux-gnu/10/liblto_plugin.so] ==> ignore
    arg [-plugin-opt=/usr/lib/gcc/x86_64-linux-gnu/10/lto-wrapper] ==> ignore
    arg [-plugin-opt=-fresolution=/tmp/ccfXQ7gD.res] ==> ignore
    arg [-plugin-opt=-pass-through=-lgcc] ==> ignore
    arg [-plugin-opt=-pass-through=-lgcc_s] ==> ignore
    arg [-plugin-opt=-pass-through=-lc] ==> ignore
    arg [-plugin-opt=-pass-through=-lgcc] ==> ignore
    arg [-plugin-opt=-pass-through=-lgcc_s] ==> ignore
    arg [--build-id] ==> ignore
    arg [--eh-frame-hdr] ==> ignore
    arg [-m] ==> ignore
    arg [elf_x86_64] ==> ignore
    arg [--hash-style=gnu] ==> ignore
    arg [--as-needed] ==> ignore
    arg [-dynamic-linker] ==> ignore
    arg [/lib64/ld-linux-x86-64.so.2] ==> ignore
    arg [-pie] ==> ignore
    arg [-znow] ==> ignore
    arg [-zrelro] ==> ignore
    arg [-o] ==> ignore
    arg [cmTC_2759a] ==> ignore
    arg [/usr/lib/gcc/x86_64-linux-gnu/10/../../../x86_64-linux-gnu/Scrt1.o] ==> ignore
    arg [/usr/lib/gcc/x86_64-linux-gnu/10/../../../x86_64-linux-gnu/crti.o] ==> ignore
    arg [/usr/lib/gcc/x86_64-linux-gnu/10/crtbeginS.o] ==> ignore
    arg [-L/usr/lib/gcc/x86_64-linux-gnu/10] ==> dir [/usr/lib/gcc/x86_64-linux-gnu/10]
    arg [-L/usr/lib/gcc/x86_64-linux-gnu/10/../../../x86_64-linux-gnu] ==> dir [/usr/lib/gcc/x86_64-linux-gnu/10/../../../x86_64-linux-gnu]
    arg [-L/usr/lib/gcc/x86_64-linux-gnu/10/../../../../lib] ==> dir [/usr/lib/gcc/x86_64-linux-gnu/10/../../../../lib]
    arg [-L/lib/x86_64-linux-gnu] ==> dir [/lib/x86_64-linux-gnu]
    arg [-L/lib/../lib] ==> dir [/lib/../lib]
    arg [-L/usr/lib/x86_64-linux-gnu] ==> dir [/usr/lib/x86_64-linux-gnu]
    arg [-L/usr/lib/../lib] ==> dir [/usr/lib/../lib]
    arg [-L/usr/lib/gcc/x86_64-linux-gnu/10/../../..] ==> dir [/usr/lib/gcc/x86_64-linux-gnu/10/../../..]
    arg [CMakeFiles/cmTC_2759a.dir/CMakeCCompilerABI.c.o] ==> ignore
    arg [-lgcc] ==> lib [gcc]
    arg [--push-state] ==> ignore
    arg [--as-needed] ==> ignore
    arg [-lgcc_s] ==> lib [gcc_s]
    arg [--pop-state] ==> ignore
    arg [-lc] ==> lib [c]
    arg [-lgcc] ==> lib [gcc]
    arg [--push-state] ==> ignore
    arg [--as-needed] ==> ignore
    arg [-lgcc_s] ==> lib [gcc_s]
    arg [--pop-state] ==> ignore
    arg [/usr/lib/gcc/x86_64-linux-gnu/10/crtendS.o] ==> ignore
    arg [/usr/lib/gcc/x86_64-linux-gnu/10/../../../x86_64-linux-gnu/crtn.o] ==> ignore
  collapse library dir [/usr/lib/gcc/x86_64-linux-gnu/10] ==> [/usr/lib/gcc/x86_64-linux-gnu/10]
  collapse library dir [/usr/lib/gcc/x86_64-linux-gnu/10/../../../x86_64-linux-gnu] ==> [/usr/lib/x86_64-linux-gnu]
  collapse library dir [/usr/lib/gcc/x86_64-linux-gnu/10/../../../../lib] ==> [/usr/lib]
  collapse library dir [/lib/x86_64-linux-gnu] ==> [/lib/x86_64-linux-gnu]
  collapse library dir [/lib/../lib] ==> [/lib]
  collapse library dir [/usr/lib/x86_64-linux-gnu] ==> [/usr/lib/x86_64-linux-gnu]
  collapse library dir [/usr/lib/../lib] ==> [/usr/lib]
  collapse library dir [/usr/lib/gcc/x86_64-linux-gnu/10/../../..] ==> [/usr/lib]
  implicit libs: [gcc;gcc_s;c;gcc;gcc_s]
  implicit dirs: [/usr/lib/gcc/x86_64-linux-gnu/10;/usr/lib/x86_64-linux-gnu;/usr/lib;/lib/x86_64-linux-gnu;/lib]
  implicit fwks: []


Determining if the CXX compiler works passed with the following output:
Change Dir: /home/ana/Cpp-Practical-Course/sheet05/exercise2/build/CMakeFiles/CMakeTmp

Run Build Command(s):/usr/bin/make cmTC_2ec70/fast && /usr/bin/make -f CMakeFiles/cmTC_2ec70.dir/build.make CMakeFiles/cmTC_2ec70.dir/build
make[1]: Entering directory '/home/ana/Cpp-Practical-Course/sheet05/exercise2/build/CMakeFiles/CMakeTmp'
Building CXX object CMakeFiles/cmTC_2ec70.dir/testCXXCompiler.cxx.o
/usr/bin/c++     -o CMakeFiles/cmTC_2ec70.dir/testCXXCompiler.cxx.o -c /home/ana/Cpp-Practical-Course/sheet05/exercise2/build/CMakeFiles/CMakeTmp/testCXXCompiler.cxx
Linking CXX executable cmTC_2ec70
/usr/bin/cmake -E cmake_link_script CMakeFiles/cmTC_2ec70.dir/link.txt --verbose=1
/usr/bin/c++       CMakeFiles/cmTC_2ec70.dir/testCXXCompiler.cxx.o  -o cmTC_2ec70 
make[1]: Leaving directory '/home/ana/Cpp-Practical-Course/sheet05/exercise2/build/CMakeFiles/CMakeTmp'



Detecting CXX compiler ABI info compiled with the following output:
Change Dir: /home/ana/Cpp-Practical-Course/sheet05/exercise2/build/CMakeFiles/CMakeTmp

Run Build Command(s):/usr/bin/make cmTC_d9fa3/fast && /usr/bin/make -f CMakeFiles/cmTC_d9fa3.dir/build.make CMakeFiles/cmTC_d9fa3.dir/build
make[1]: Entering directory '/home/ana/Cpp-Practical-Course/sheet05/exercise2/build/CMakeFiles/CMakeTmp'
Building CXX object CMakeFiles/cmTC_d9fa3.dir/CMakeCXXCompilerABI.cpp.o
/usr/bin/c++    -v -o CMakeFiles/cmTC_d9fa3.dir/CMakeCXXCompilerABI.cpp.o -c /usr/share/cmake-3.16/Modules/CMakeCXXCompilerABI.cpp
Using built-in specs.
COLLECT_GCC=/usr/bin/c++
OFFLOAD_TARGET_NAMES=nvptx-none:amdgcn-amdhsa:hsa
OFFLOAD_TARGET_DEFAULT=1
Target: x86_64-linux-gnu
Configured with: ../src/configure -v --with-pkgversion='Ubuntu 10.3.0-1ubuntu1~20.04' --with-bugurl=file:///usr/share/doc/gcc-10/README.Bugs --enable-languages=c,ada,c++,go,brig,d,fortran,objc,obj-c++,m2 --prefix=/usr --with-gcc-major-version-only --program-suffix=-10 --program-prefix=x86_64-linux-gnu- --enable-shared --enable-linker-build-id --libexecdir=/usr/lib --without-included-gettext --enable-threads=posix --libdir=/usr/lib --enable-nls --enable-bootstrap --enable-clocale=gnu --enable-libstdcxx-debug --enable-libstdcxx-time=yes --with-default-libstdcxx-abi=new --enable-gnu-unique-object --disable-vtable-verify --enable-plugin --enable-default-pie --with-system-zlib --enable-libphobos-checking=release --with-target-system-zlib=auto --enable-objc-gc=auto --enable-multiarch --disable-werror --with-arch-32=i686 --with-abi=m64 --with-multilib-list=m32,m64,mx32 --enable-multilib --with-tune=generic --enable-offload-targets=nvptx-none=/build/gcc-10-S4I5Pr/gcc-10-10.3.0/debian/tmp-nvptx/usr,amdgcn-amdhsa=/build/gcc-10-S4I5Pr/gcc-10-10.3.0/debian/tmp-gcn/usr,hsa --without-cuda-driver --enable-checking=release --build=x86_64-linux-gnu --host=x86_64-linux-gnu --target=x86_64-linux-gnu --with-build-config=bootstrap-lto-lean --enable-link-mutex
Thread model: posix
Supported LTO compression algorithms: zlib zstd
gcc version 10.3.0 (Ubuntu 10.3.0-1ubuntu1~20.04) 
COLLECT_GCC_OPTIONS='-v' '-o' 'CMakeFiles/cmTC_d9fa3.dir/CMakeCXXCompilerABI.cpp.o' '-c' '-shared-libgcc' '-mtune=generic' '-march=x86-64'
 /usr/lib/gcc/x86_64-linux-gnu/10/cc1plus -quiet -v -imultiarch x86_64-linux-gnu -D_GNU_SOURCE /usr/share/cmake-3.16/Modules/CMakeCXXCompilerABI.cpp -quiet -dumpbase CMakeCXXCompilerABI.cpp -mtune=generic -march=x86-64 -auxbase-strip CMakeFiles/cmTC_d9fa3.dir/CMakeCXXCompilerABI.cpp.o -version -fasynchronous-unwind-tables -fstack-protector-strong -Wformat -Wformat-security -fstack-clash-protection -fcf-protection -o /tmp/ccZ5BI37.s
GNU C++14 (Ubuntu 10.3.0-1ubuntu1~20.04) version 10.3.0 (x86_64-linux-gnu)
	compiled by GNU C version 10.3.0, GMP version 6.2.0, MPFR version 4.0.2, MPC version 1.1.0, isl version isl-0.22.1-GMP

GGC heuristics: --param ggc-min-expand=100 --param ggc-min-heapsize=131072
ignoring duplicate directory "/usr/include/x86_64-linux-gnu/c++/10"
ignoring nonexistent directory "/usr/local/include/x86_64-linux-gnu"
ignoring nonexistent directory "/usr/lib/gcc/x86_64-linux-gnu/10/include-fixed"
ignoring nonexistent directory "/usr/lib/gcc/x86_64-linux-gnu/10/../../../../x86_64-linux-gnu/include"
#include "..." search starts here:
#include <...> search starts here:
 /usr/include/c++/10
 /usr/include/x86_64-linux-gnu/c++/10
 /usr/include/c++/10/backward
 /usr/lib/gcc/x86_64-linux-gnu/10/include
 /usr/local/include
 /usr/include/x86_64-linux-gnu
 /usr/include
End of search list.
GNU C++14 (Ubuntu 10.3.0-1ubuntu1~20.04) version 10.3.0 (x86_64-linux-gnu)
	compiled by GNU C version 10.3.0, GMP version 6.2.0, MPFR version 4.0.2, MPC version 1.1.0, isl version isl-0.22.1-GMP

GGC heuristics: --param ggc-min-expand=100 --param ggc-min-heapsize=131072
Compiler executable checksum: 169ee3a1708a329c07eaf03cc8dfbe6c
COLLECT_GCC_OPTIONS='-v' '-o' 'CMakeFiles/cmTC_d9fa3.dir/CMakeCXXCompilerABI.cpp.o' '-c' '-shared-libgcc' '-mtune=generic' '-march=x86-64'
 as -v --64 -o CMakeFiles/cmTC_d9fa3.dir/CMakeCXXCompilerABI.cpp.o /tmp/ccZ5BI37.s
GNU assembler version 2.34 (x86_64-linux-gnu) using BFD version (GNU Binutils for Ubuntu) 2.34
COMPILER_PATH=/usr/lib/gcc/x86_64-linux-gnu/10/:/usr/lib/gcc/x86_64-linux-gnu/10/:/usr/lib/gcc/x86_64-linux-gnu/:/usr/lib/gcc/x86_64-linux-gnu/10/:/usr/lib/gcc/x86_64-linux-gnu/
LIBRARY_PATH=/usr/lib/gcc/x86_64-linux-gnu/10/:/usr/lib/gcc/x86_64-linux-gnu/10/../../../x86_64-linux-gnu/:/usr/lib/gcc/x86_64-linux-gnu/10/../../../../lib/:/lib/x86_64-linux-gnu/:/lib/../lib/:/usr/lib/x86_64-linux-gnu/:/usr/lib/../lib/:/usr/lib/gcc/x86_64-linux-gnu/10/../../../:/lib/:/usr/lib/
COLLECT_GCC_OPTIONS='-v' '-o' 'CMakeFiles/cmTC_d9fa3.dir/CMakeCXXCompilerABI.cpp.o' '-c' '-shared-libgcc' '-mtune=generic' '-march=x86-64'
Linking CXX executable cmTC_d9fa3
/usr/bin/cmake -E cmake_link_script CMakeFiles/cmTC_d9fa3.dir/link.txt --verbose=1
/usr/bin/c++      -v CMakeFiles/cmTC_d9fa3.dir/CMakeCXXCompilerABI.cpp.o  -o cmTC_d9fa3 
Using built-in specs.
COLLECT_GCC=/usr/bin/c++
COLLECT_LTO_WRAPPER=/usr/lib/gcc/x86_64-linux-gnu/10/lto-wrapper
OFFLOAD_TARGET_NAMES=nvptx-none:amdgcn-amdhsa:hsa
OFFLOAD_TARGET_DEFAULT=1
Target: x86_64-linux-gnu
Configured with: ../src/configure -v --with-pkgversion='Ubuntu 10.3.0-1ubuntu1~20.04' --with-bugurl=file:///usr/share/doc/gcc-10/README.Bugs --enable-languages=c,ada,c++,go,brig,d,fortran,objc,obj-c++,m2 --prefix=/usr --with-gcc-major-version-only --program-suffix=-10 --program-prefix=x86_64-linux-gnu- --enable-shared --enable-linker-build-id --libexecdir=/usr/lib --without-included-gettext --enable-threads=posix --libdir=/usr/lib --enable-nls --enable-bootstrap --enable-clocale=gnu --enable-libstdcxx-debug --enable-libstdcxx-time=yes --with-default-libstdcxx-abi=new --enable-gnu-unique-object --disable-vtable-verify --enable-plugin --enable-default-pie --with-system-zlib --enable-libphobos-checking=release --with-target-system-zlib=auto --enable-objc-gc=auto --enable-multiarch --disable-werror --with-arch-32=i686 --with-abi=m64 --with-multilib-list=m32,m64,mx32 --enable-multilib --with-tune=generic --enable-offload-targets=nvptx-none=/build/gcc-10-S4I5Pr/gcc-10-10.3.0/debian/tmp-nvptx/usr,amdgcn-amdhsa=/build/gcc-10-S4I5Pr/gcc-10-10.3.0/debian/tmp-gcn/usr,hsa --without-cuda-driver --enable-checking=release --build=x86_64-linux-gnu --host=x86_64-linux-gnu --target=x86_64-linux-gnu --with-build-config=bootstrap-lto-lean --enable-link-mutex
Thread model: posix
Supported LTO compression algorithms: zlib zstd
gcc version 10.3.0 (Ubuntu 10.3.0-1ubuntu1~20.04) 
COMPILER_PATH=/usr/lib/gcc/x86_64-linux-gnu/10/:/usr/lib/gcc/x86_64-linux-gnu/10/:/usr/lib/gcc/x86_64-linux-gnu/:/usr/lib/gcc/x86_64-linux-gnu/10/:/usr/lib/gcc/x86_64-linux-gnu/
LIBRARY_PATH=/usr/lib/gcc/x86_64-linux-gnu/10/:/usr/lib/gcc/x86_64-linux-gnu/10/../../../x86_64-linux-gnu/:/usr/lib/gcc/x86_64-linux-gnu/10/../../../../lib/:/lib/x86_64-linux-gnu/:/lib/../lib/:/usr/lib/x86_64-linux-gnu/:/usr/lib/../lib/:/usr/lib/gcc/x86_64-linux-gnu/10/../../../:/lib/:/usr/lib/
COLLECT_GCC_OPTIONS='-v' '-o' 'cmTC_d9fa3' '-shared-libgcc' '-mtune=generic' '-march=x86-64'
 /usr/lib/gcc/x86_64-linux-gnu/10/collect2 -plugin /usr/lib/gcc/x86_64-linux-gnu/10/liblto_plugin.so -plugin-opt=/usr/lib/gcc/x86_64-linux-gnu/10/lto-wrapper -plugin-opt=-fresolution=/tmp/ccqOAegD.res -plugin-opt=-pass-through=-lgcc_s -plugin-opt=-pass-through=-lgcc -plugin-opt=-pass-through=-lc -plugin-opt=-pass-through=-lgcc_s -plugin-opt=-pass-through=-lgcc --build-id --eh-frame-hdr -m elf_x86_64 --hash-style=gnu --as-needed -dynamic-linker /lib64/ld-linux-x86-64.so.2 -pie -z now -z relro -o cmTC_d9fa3 /usr/lib/gcc/x86_64-linux-gnu/10/../../../x86_64-linux-gnu/Scrt1.o /usr/lib/gcc/x86_64-linux-gnu/10/../../../x86_64-linux-gnu/crti.o /usr/lib/gcc/x86_64-linux-gnu/10/crtbeginS.o -L/usr/lib/gcc/x86_64-linux-gnu/10 -L/usr/lib/gcc/x86_64-linux-gnu/10/../../../x86_64-linux-gnu -L/usr/lib/gcc/x86_64-linux-gnu/10/../../../../lib -L/lib/x86_64-linux-gnu -L/lib/../lib -L/usr/lib/x86_64-linux-gnu -L/usr/lib/../lib -L/usr/lib/gcc/x86_64-linux-gnu/10/../../.. CMakeFiles/cmTC_d9fa3.dir/CMakeCXXCompilerABI.cpp.o -lstdc++ -lm -lgcc_s -lgcc -lc -lgcc_s -lgcc /usr/lib/gcc/x86_64-linux-gnu/10/crtendS.o /usr/lib/gcc/x86_64-linux-gnu/10/../../../x86_64-linux-gnu/crtn.o
COLLECT_GCC_OPTIONS='-v' '-o' 'cmTC_d9fa3' '-shared-libgcc' '-mtune=generic' '-march=x86-64'
make[1]: Leaving directory '/home/ana/Cpp-Practical-Course/sheet05/exercise2/build/CMakeFiles/CMakeTmp'



Parsed CXX implicit include dir info from above output: rv=done
  found start of include info
  found start of implicit include info
    add: [/usr/include/c++/10]
    add: [/usr/include/x86_64-linux-gnu/c++/10]
    add: [/usr/include/c++/10/backward]
    add: [/usr/lib/gcc/x86_64-linux-gnu/10/include]
    add: [/usr/local/include]
    add: [/usr/include/x86_64-linux-gnu]
    add: [/usr/include]
  end of search list found
  collapse include dir [/usr/include/c++/10] ==> [/usr/include/c++/10]
  collapse include dir [/usr/include/x86_64-linux-gnu/c++/10] ==> [/usr/include/x86_64-linux-gnu/c++/10]
  collapse include dir [/usr/include/c++/10/backward] ==> [/usr/include/c++/10/backward]
  collapse include dir [/usr/lib/gcc/x86_64-linux-gnu/10/include] ==> [/usr/lib/gcc/x86_64-linux-gnu/10/include]
  collapse include dir [/usr/local/include] ==> [/usr/local/include]
  collapse include dir [/usr/include/x86_64-linux-gnu] ==> [/usr/include/x86_64-linux-gnu]
  collapse include dir [/usr/include] ==> [/usr/include]
  implicit include dirs: [/usr/include/c++/10;/usr/include/x86_64-linux-gnu/c++/10;/usr/include/c++/10/backward;/usr/lib/gcc/x86_64-linux-gnu/10/include;/usr/local/include;/usr/include/x86_64-linux-gnu;/usr/include]


Parsed CXX implicit link information from above output:
  link line regex: [^( *|.*[/\])(ld|CMAKE_LINK_STARTFILE-NOTFOUND|([^/\]+-)?ld|collect2)[^/\]*( |$)]
  ignore line: [Change Dir: /home/ana/Cpp-Practical-Course/sheet05/exercise2/build/CMakeFiles/CMakeTmp]
  ignore line: []
  ignore line: [Run Build Command(s):/usr/bin/make cmTC_d9fa3/fast && /usr/bin/make -f CMakeFiles/cmTC_d9fa3.dir/build.make CMakeFiles/cmTC_d9fa3.dir/build]
  ignore line: [make[1]: Entering directory '/home/ana/Cpp-Practical-Course/sheet05/exercise2/build/CMakeFiles/CMakeTmp']
  ignore line: [Building CXX object CMakeFiles/cmTC_d9fa3.dir/CMakeCXXCompilerABI.cpp.o]
  ignore line: [/usr/bin/c++    -v -o CMakeFiles/cmTC_d9fa3.dir/CMakeCXXCompilerABI.cpp.o -c /usr/share/cmake-3.16/Modules/CMakeCXXCompilerABI.cpp]
  ignore line: [Using built-in specs.]
  ignore line: [COLLECT_GCC=/usr/bin/c++]
  ignore line: [OFFLOAD_TARGET_NAMES=nvptx-none:amdgcn-amdhsa:hsa]
  ignore line: [OFFLOAD_TARGET_DEFAULT=1]
  ignore line: [Target: x86_64-linux-gnu]
  ignore line: [Configured with: ../src/configure -v --with-pkgversion='Ubuntu 10.3.0-1ubuntu1~20.04' --with-bugurl=file:///usr/share/doc/gcc-10/README.Bugs --enable-languages=c ada c++ go brig d fortran objc obj-c++ m2 --prefix=/usr --with-gcc-major-version-only --program-suffix=-10 --program-prefix=x86_64-linux-gnu- --enable-shared --enable-linker-build-id --libexecdir=/usr/lib --without-included-gettext --enable-threads=posix --libdir=/usr/lib --enable-nls --enable-bootstrap --enable-clocale=gnu --enable-libstdcxx-debug --enable-libstdcxx-time=yes --with-default-libstdcxx-abi=new --enable-gnu-unique-object --disable-vtable-verify --enable-plugin --enable-default-pie --with-system-zlib --enable-libphobos-checking=release --with-target-system-zlib=auto --enable-objc-gc=auto --enable-multiarch --disable-werror --with-arch-32=i686 --with-abi=m64 --with-multilib-list=m32 m64 mx32 --enable-multilib --with-tune=generic --enable-offload-targets=nvptx-none=/build/gcc-10-S4I5Pr/gcc-10-10.3.0/debian/tmp-nvptx/usr amdgcn-amdhsa=/build/gcc-10-S4I5Pr/gcc-10-10.3.0/debian/tmp-gcn/usr hsa --without-cuda-driver --enable-checking=release --build=x86_64-linux-gnu --host=x86_64-linux-gnu --target=x86_64-linux-gnu --with-build-config=bootstrap-lto-lean --enable-link-mutex]
  ignore line: [Thread model: posix]
  ignore line: [Supported LTO compression algorithms: zlib zstd]
  ignore line: [gcc version 10.3.0 (Ubuntu 10.3.0-1ubuntu1~20.04) ]
  ignore line: [COLLECT_GCC_OPTIONS='-v' '-o' 'CMakeFiles/cmTC_d9fa3.dir/CMakeCXXCompilerABI.cpp.o' '-c' '-shared-libgcc' '-mtune=generic' '-march=x86-64']
  ignore line: [ /usr/lib/gcc/x86_64-linux-gnu/10/cc1plus -quiet -v -imultiarch x86_64-linux-gnu -D_GNU_SOURCE /usr/share/cmake-3.16/Modules/CMakeCXXCompilerABI.cpp -quiet -dumpbase CMakeCXXCompilerABI.cpp -mtune=generic -march=x86-64 -auxbase-strip CMakeFiles/cmTC_d9fa3.dir/CMakeCXXCompilerABI.cpp.o -version -fasynchronous-unwind-tables -fstack-protector-strong -Wformat -Wformat-security -fstack-clash-protection -fcf-protection -o /tmp/ccZ5BI37.s]
  ignore line: [GNU C++14 (Ubuntu 10.3.0-1ubuntu1~20.04) version 10.3.0 (x86_64-linux-gnu)]
  ignore line: [	compiled by GNU C version 10.3.0  GMP version 6.2.0  MPFR version 4.0.2  MPC version 1.1.0  isl version isl-0.22.1-GMP]
  ignore line: []
  ignore line: [GGC heuristics: --param ggc-min-expand=100 --param ggc-min-heapsize=131072]
  ignore line: [ignoring duplicate directory "/usr/include/x86_64-linux-gnu/c++/10"]
  ignore line: [ignoring nonexistent directory "/usr/local/include/x86_64-linux-gnu"]
  ignore line: [ignoring nonexistent directory "/usr/lib/gcc/x86_64-linux-gnu/10/include-fixed"]
  ignore line: [ignoring nonexistent directory "/usr/lib/gcc/x86_64-linux-gnu/10/../../../../x86_64-linux-gnu/include"]
  ignore line: [#include "..." search starts here:]
  ignore line: [#include <...> search starts here:]
  ignore line: [ /usr/include/c++/10]
  ignore line: [ /usr/include/x86_64-linux-gnu/c++/10]
  ignore line: [ /usr/include/c++/10/backward]
  ignore line: [ /usr/lib/gcc/x86_64-linux-gnu/10/include]
  ignore line: [ /usr/local/include]
  ignore line: [ /usr/include/x86_64-linux-gnu]
  ignore line: [ /usr/include]
  ignore line: [End of search list.]
  ignore line: [GNU C++14 (Ubuntu 10.3.0-1ubuntu1~20.04) version 10.3.0 (x86_64-linux-gnu)]
  ignore line: [	compiled by GNU C version 10.3.0  GMP version 6.2.0  MPFR version 4.0.2  MPC version 1.1.0  isl version isl-0.22.1-GMP]
  ignore line: []
  ignore line: [GGC heuristics: --param ggc-min-expand=100 --param ggc-min-heapsize=131072]
  ignore line: [Compiler executable checksum: 169ee3a1708a329c07eaf03cc8dfbe6c]
  ignore line: [COLLECT_GCC_OPTIONS='-v' '-o' 'CMakeFiles/cmTC_d9fa3.dir/CMakeCXXCompilerABI.cpp.o' '-c' '-shared-libgcc' '-mtune=generic' '-march=x86-64']
  ignore line: [ as -v --64 -o CMakeFiles/cmTC_d9fa3.dir/CMakeCXXCompilerABI.cpp.o /tmp/ccZ5BI37.s]
  ignore line: [GNU assembler version 2.34 (x86_64-linux-gnu) using BFD version (GNU Binutils for Ubuntu) 2.34]
  ignore line: [COMPILER_PATH=/usr/lib/gcc/x86_64-linux-gnu/10/:/usr/lib/gcc/x86_64-linux-gnu/10/:/usr/lib/gcc/x86_64-linux-gnu/:/usr/lib/gcc/x86_64-linux-gnu/10/:/usr/lib/gcc/x86_64-linux-gnu/]
  ignore line: [LIBRARY_PATH=/usr/lib/gcc/x86_64-linux-gnu/10/:/usr/lib/gcc/x86_64-linux-gnu/10/../../../x86_64-linux-gnu/:/usr/lib/gcc/x86_64-linux-gnu/10/../../../../lib/:/lib/x86_64-linux-gnu/:/lib/../lib/:/usr/lib/x86_64-linux-gnu/:/usr/lib/../lib/:/usr/lib/gcc/x86_64-linux-gnu/10/../../../:/lib/:/usr/lib/]
  ignore line: [COLLECT_GCC_OPTIONS='-v' '-o' 'CMakeFiles/cmTC_d9fa3.dir/CMakeCXXCompilerABI.cpp.o' '-c' '-shared-libgcc' '-mtune=generic' '-march=x86-64']
  ignore line: [Linking CXX executable cmTC_d9fa3]
  ignore line: [/usr/bin/cmake -E cmake_link_script CMakeFiles/cmTC_d9fa3.dir/link.txt --verbose=1]
  ignore line: [/usr/bin/c++      -v CMakeFiles/cmTC_d9fa3.dir/CMakeCXXCompilerABI.cpp.o  -o cmTC_d9fa3 ]
  ignore line: [Using built-in specs.]
  ignore line: [COLLECT_GCC=/usr/bin/c++]
  ignore line: [COLLECT_LTO_WRAPPER=/usr/lib/gcc/x86_64-linux-gnu/10/lto-wrapper]
  ignore line: [OFFLOAD_TARGET_NAMES=nvptx-none:amdgcn-amdhsa:hsa]
  ignore line: [OFFLOAD_TARGET_DEFAULT=1]
  ignore line: [Target: x86_64-linux-gnu]
  ignore line: [Configured with: ../src/configure -v --with-pkgversion='Ubuntu 10.3.0-1ubuntu1~20.04' --with-bugurl=file:///usr/share/doc/gcc-10/README.Bugs --enable-languages=c ada c++ go brig d fortran objc obj-c++ m2 --prefix=/usr --with-gcc-major-version-only --program-suffix=-10 --program-prefix=x86_64-linux-gnu- --enable-shared --enable-linker-build-id --libexecdir=/usr/lib --without-included-gettext --enable-threads=posix --libdir=/usr/lib --enable-nls --enable-bootstrap --enable-clocale=gnu --enable-libstdcxx-debug --enable-libstdcxx-time=yes --with-default-libstdcxx-abi=new --enable-gnu-unique-object --disable-vtable-verify --enable-plugin --enable-default-pie --with-system-zlib --enable-libphobos-checking=release --with-target-system-zlib=auto --enable-objc-gc=auto --enable-multiarch --disable-werror --with-arch-32=i686 --with-abi=m64 --with-multilib-list=m32 m64 mx32 --enable-multilib --with-tune=generic --enable-offload-targets=nvptx-none=/build/gcc-10-S4I5Pr/gcc-10-10.3.0/debian/tmp-nvptx/usr amdgcn-amdhsa=/build/gcc-10-S4I5Pr/gcc-10-10.3.0/debian/tmp-gcn/usr hsa --without-cuda-driver --enable-checking=release --build=x86_64-linux-gnu --host=x86_64-linux-gnu --target=x86_64-linux-gnu --with-build-config=bootstrap-lto-lean --enable-link-mutex]
  ignore line: [Thread model: posix]
  ignore line: [Supported LTO compression algorithms: zlib zstd]
  ignore line: [gcc version 10.3.0 (Ubuntu 10.3.0-1ubuntu1~20.04) ]
  ignore line: [COMPILER_PATH=/usr/lib/gcc/x86_64-linux-gnu/10/:/usr/lib/gcc/x86_64-linux-gnu/10/:/usr/lib/gcc/x86_64-linux-gnu/:/usr/lib/gcc/x86_64-linux-gnu/10/:/usr/lib/gcc/x86_64-linux-gnu/]
  ignore line: [LIBRARY_PATH=/usr/lib/gcc/x86_64-linux-gnu/10/:/usr/lib/gcc/x86_64-linux-gnu/10/../../../x86_64-linux-gnu/:/usr/lib/gcc/x86_64-linux-gnu/10/../../../../lib/:/lib/x86_64-linux-gnu/:/lib/../lib/:/usr/lib/x86_64-linux-gnu/:/usr/lib/../lib/:/usr/lib/gcc/x86_64-linux-gnu/10/../../../:/lib/:/usr/lib/]
  ignore line: [COLLECT_GCC_OPTIONS='-v' '-o' 'cmTC_d9fa3' '-shared-libgcc' '-mtune=generic' '-march=x86-64']
  link line: [ /usr/lib/gcc/x86_64-linux-gnu/10/collect2 -plugin /usr/lib/gcc/x86_64-linux-gnu/10/liblto_plugin.so -plugin-opt=/usr/lib/gcc/x86_64-linux-gnu/10/lto-wrapper -plugin-opt=-fresolution=/tmp/ccqOAegD.res -plugin-opt=-pass-through=-lgcc_s -plugin-opt=-pass-through=-lgcc -plugin-opt=-pass-through=-lc -plugin-opt=-pass-through=-lgcc_s -plugin-opt=-pass-through=-lgcc --build-id --eh-frame-hdr -m elf_x86_64 --hash-style=gnu --as-needed -dynamic-linker /lib64/ld-linux-x86-64.so.2 -pie -z now -z relro -o cmTC_d9fa3 /usr/lib/gcc/x86_64-linux-gnu/10/../../../x86_64-linux-gnu/Scrt1.o /usr/lib/gcc/x86_64-linux-gnu/10/../../../x86_64-linux-gnu/crti.o /usr/lib/gcc/x86_64-linux-gnu/10/crtbeginS.o -L/usr/lib/gcc/x86_64-linux-gnu/10 -L/usr/lib/gcc/x86_64-linux-gnu/10/../../../x86_64-linux-gnu -L/usr/lib/gcc/x86_64-linux-gnu/10/../../../../lib -L/lib/x86_64-linux-gnu -L/lib/../lib -L/usr/lib/x86_64-linux-gnu -L/usr/lib/../lib -L/usr/lib/gcc/x86_64-linux-gnu/10/../../.. CMakeFiles/cmTC_d9fa3.dir/CMakeCXXCompilerABI.cpp.o -lstdc++ -lm -lgcc_s -lgcc -lc -lgcc_s -lgcc /usr/lib/gcc/x86_64-linux-gnu/10/crtendS.o /usr/lib/gcc/x86_64-linux-gnu/10/../../../x86_64-linux-gnu/crtn.o]
    arg [/usr/lib/gcc/x86_64-linux-gnu/10/collect2] ==> ignore
    arg [-plugin] ==> ignore
    arg [/usr/lib/gcc/x86_64-linux-gnu/10/liblto_plugin.so] ==> ignore
    arg [-plugin-opt=/usr/lib/gcc/x86_64-linux-gnu/10/lto-wrapper] ==> ignore
    arg [-plugin-opt=-fresolution=/tmp/ccqOAegD.res] ==> ignore
    arg [-plugin-opt=-pass-through=-lgcc_s] ==> ignore
    arg [-plugin-opt=-pass-through=-lgcc] ==> ignore
    arg [-plugin-opt=-pass-through=-lc] ==> ignore
    arg [-plugin-opt=-pass-through=-lgcc_s] ==> ignore
    arg [-plugin-opt=-pass-through=-lgcc] ==> ignore
    arg [--build-id] ==> ignore
    arg [--eh-frame-hdr] ==> ignore
    arg [-m] ==> ignore
    arg [elf_x86_64] ==> ignore
    arg [--hash-style=gnu] ==> ignore
    arg [--as-needed] ==> ignore
    arg [-dynamic-linker] ==> ignore
    arg [/lib64/ld-linux-x86-64.so.2] ==> ignore
    arg [-pie] ==> ignore
    arg [-znow] ==> ignore
    arg [-zrelro] ==> ignore
    arg [-o] ==> ignore
    arg [cmTC_d9fa3] ==> ignore
    arg [/usr/lib/gcc/x86_64-linux-gnu/10/../../../x86_64-linux-gnu/Scrt1.o] ==> ignore
    arg [/usr/lib/gcc/x86_64-linux-gnu/10/../../../x86_64-linux-gnu/crti.o] ==> ignore
    arg [/usr/lib/gcc/x86_64-linux-gnu/10/crtbeginS.o] ==> ignore
    arg [-L/usr/lib/gcc/x86_64-linux-gnu/10] ==> dir [/usr/lib/gcc/x86_64-linux-gnu/10]
    arg [-L/usr/lib/gcc/x86_64-linux-gnu/10/../../../x86_64-linux-gnu] ==> dir [/usr/lib/gcc/x86_64-linux-gnu/10/../../../x86_64-linux-gnu]
    arg [-L/usr/lib/gcc/x86_64-linux-gnu/10/../../../../lib] ==> dir [/usr/lib/gcc/x86_64-linux-gnu/10/../../../../lib]
    arg [-L/lib/x86_64-linux-gnu] ==> dir [/lib/x86_64-linux-gnu]
    arg [-L/lib/../lib] ==> dir [/lib/../lib]
    arg [-L/usr/lib/x86_64-linux-gnu] ==> dir [/usr/lib/x86_64-linux-gnu]
    arg [-L/usr/lib/../lib] ==> dir [/usr/lib/../lib]
    arg [-L/usr/lib/gcc/x86_64-linux-gnu/10/../../..] ==> dir [/usr/lib/gcc/x86_64-linux-gnu/10/../../..]
    arg [CMakeFiles/cmTC_d9fa3.dir/CMakeCXXCompilerABI.cpp.o] ==> ignore
    arg [-lstdc++] ==> lib [stdc++]
    arg [-lm] ==> lib [m]
    arg [-lgcc_s] ==> lib [gcc_s]
    arg [-lgcc] ==> lib [gcc]
    arg [-lc] ==> lib [c]
    arg [-lgcc_s] ==> lib [gcc_s]
    arg [-lgcc] ==> lib [gcc]
    arg [/usr/lib/gcc/x86_64-linux-gnu/10/crtendS.o] ==> ignore
    arg [/usr/lib/gcc/x86_64-linux-gnu/10/../../../x86_64-linux-gnu/crtn.o] ==> ignore
  collapse library dir [/usr/lib/gcc/x86_64-linux-gnu/10] ==> [/usr/lib/gcc/x86_64-linux-gnu/10]
  collapse library dir [/usr/lib/gcc/x86_64-linux-gnu/10/../../../x86_64-linux-gnu] ==> [/usr/lib/x86_64-linux-gnu]
  collapse library dir [/usr/lib/gcc/x86_64-linux-gnu/10/../../../../lib] ==> [/usr/lib]
  collapse library dir [/lib/x86_64-linux-gnu] ==> [/lib/x86_64-linux-gnu]
  collapse library dir [/lib/../lib] ==> [/lib]
  collapse library dir [/usr/lib/x86_64-linux-gnu] ==> [/usr/lib/x86_64-linux-gnu]
  collapse library dir [/usr/lib/../lib] ==> [/usr/lib]
  collapse library dir [/usr/lib/gcc/x86_64-linux-gnu/10/../../..] ==> [/usr/lib]
  implicit libs: [stdc++;m;gcc_s;gcc;c;gcc_s;gcc]
  implicit dirs: [/usr/lib/gcc/x86_64-linux-gnu/10;/usr/lib/x86_64-linux-gnu;/usr/lib;/lib/x86_64-linux-gnu;/lib]
  implicit fwks: []


Performing C++ SOURCE FILE Test HAVE_FLAG_SANITIZE_ADDRESS succeeded with the following output:
Change Dir: /home/ana/Cpp-Practical-Course/sheet05/exercise2/build/CMakeFiles/CMakeTmp

Run Build Command(s):/usr/bin/make cmTC_cba40/fast && /usr/bin/make -f CMakeFiles/cmTC_cba40.dir/build.make CMakeFiles/cmTC_cba40.dir/build
make[1]: Entering directory '/home/ana/Cpp-Practical-Course/sheet05/exercise2/build/CMakeFiles/CMakeTmp'
Building CXX object CMakeFiles/cmTC_cba40.dir/src.cxx.o
/usr/bin/c++    -Wall -Wextra -Wpedantic -DHAVE_FLAG_SANITIZE_ADDRESS -Werror -fsanitize=address   -std=gnu++2a -o CMakeFiles/cmTC_cba40.dir/src.cxx.o -c /home/ana/Cpp-Practical-Course/sheet05/exercise2/build/CMakeFiles/CMakeTmp/src.cxx
Linking CXX executable cmTC_cba40
/usr/bin/cmake -E cmake_link_script CMakeFiles/cmTC_cba40.dir/link.txt --verbose=1
/usr/bin/c++   -Wall -Wextra -Wpedantic -DHAVE_FLAG_SANITIZE_ADDRESS -Werror -fsanitize=address    CMakeFiles/cmTC_cba40.dir/src.cxx.o  -o cmTC_cba40 
make[1]: Leaving directory '/home/ana/Cpp-Practical-Course/sheet05/exercise2/build/CMakeFiles/CMakeTmp'


...and run output:

Return value: 1
Source file was:
int main() { return 0; }
Performing C++ SOURCE FILE Test HAVE_FLAG_SANITIZE_UNDEFINED succeeded with the following output:
Change Dir: /home/ana/Cpp-Practical-Course/sheet05/exercise2/build/CMakeFiles/CMakeTmp

Run Build Command(s):/usr/bin/make cmTC_ef987/fast && /usr/bin/make -f CMakeFiles/cmTC_ef987.dir/build.make CMakeFiles/cmTC_ef987.dir/build
make[1]: Entering directory '/home/ana/Cpp-Practical-Course/sheet05/exercise2/build/CMakeFiles/CMakeTmp'
Building CXX object CMakeFiles/cmTC_ef987.dir/src.cxx.o
/usr/bin/c++    -Wall -Wextra -Wpedantic -DHAVE_FLAG_SANITIZE_UNDEFINED -Werror -fsanitize=undefined   -fsanitize=undefined -std=gnu++2a -o CMakeFiles/cmTC_ef987.dir/src.cxx.o -c /home/ana/Cpp-Practical-Course/sheet05/exercise2/build/CMakeFiles/CMakeTmp/src.cxx
Linking CXX executable cmTC_ef987
/usr/bin/cmake -E cmake_link_script CMakeFiles/cmTC_ef987.dir/link.txt --verbose=1
/usr/bin/c++   -Wall -Wextra -Wpedantic -DHAVE_FLAG_SANITIZE_UNDEFINED -Werror -fsanitize=undefined    CMakeFiles/cmTC_ef987.dir/src.cxx.o  -o cmTC_ef987 
make[1]: Leaving directory '/home/ana/Cpp-Practical-Course/sheet05/exercise2/build/CMakeFiles/CMakeTmp'


Source file was:
int main() { return 0; }
Determining if the include file pthread.h exists passed with the following output:
Change Dir: /home/ana/Cpp-Practical-Course/sheet05/exercise2/build/CMakeFiles/CMakeTmp

Run Build Command(s):/usr/bin/make cmTC_b73e7/fast && /usr/bin/make -f CMakeFiles/cmTC_b73e7.dir/build.make CMakeFiles/cmTC_b73e7.dir/build
make[1]: Entering directory '/home/ana/Cpp-Practical-Course/sheet05/exercise2/build/CMakeFiles/CMakeTmp'
Building C object CMakeFiles/cmTC_b73e7.dir/CheckIncludeFile.c.o
/usr/bin/cc    -o CMakeFiles/cmTC_b73e7.dir/CheckIncludeFile.c.o   -c /home/ana/Cpp-Practical-Course/sheet05/exercise2/build/CMakeFiles/CMakeTmp/CheckIncludeFile.c
Linking C executable cmTC_b73e7
/usr/bin/cmake -E cmake_link_script CMakeFiles/cmTC_b73e7.dir/link.txt --verbose=1
/usr/bin/cc      -rdynamic CMakeFiles/cmTC_b73e7.dir/CheckIncludeFile.c.o  -o cmTC_b73e7 
make[1]: Leaving directory '/home/ana/Cpp-Practical-Course/sheet05/exercise2/build/CMakeFiles/CMakeTmp'



Determining if the function pthread_create exists in the pthread passed with the following output:
Change Dir: /home/ana/Cpp-Practical-Course/sheet05/exercise2/build/CMakeFiles/CMakeTmp

Run Build Command(s):/usr/bin/make cmTC_b1f00/fast && /usr/bin/make -f CMakeFiles/cmTC_b1f00.dir/build.make CMakeFiles/cmTC_b1f00.dir/build
make[1]: Entering directory '/home/ana/Cpp-Practical-Course/sheet05/exercise2/build/CMakeFiles/CMakeTmp'
Building C object CMakeFiles/cmTC_b1f00.dir/CheckFunctionExists.c.o
/usr/bin/cc   -DCHECK_FUNCTION_EXISTS=pthread_create   -o CMakeFiles/cmTC_b1f00.dir/CheckFunctionExists.c.o   -c /usr/share/cmake-3.16/Modules/CheckFunctionExists.c
Linking C executable cmTC_b1f00
/usr/bin/cmake -E cmake_link_script CMakeFiles/cmTC_b1f00.dir/link.txt --verbose=1
/usr/bin/cc  -DCHECK_FUNCTION_EXISTS=pthread_create    -rdynamic CMakeFiles/cmTC_b1f00.dir/CheckFunctionExists.c.o  -o cmTC_b1f00  -lpthread 
make[1]: Leaving directory '/home/ana/Cpp-Practical-Course/sheet05/exercise2/build/CMakeFiles/CMakeTmp'



Determining if the mkdir exist passed with the following output:
Change Dir: /home/ana/Cpp-Practical-Course/sheet05/exercise2/build/CMakeFiles/CMakeTmp

Run Build Command(s):/usr/bin/make cmTC_54cab/fast && /usr/bin/make -f CMakeFiles/cmTC_54cab.dir/build.make CMakeFiles/cmTC_54cab.dir/build
make[1]: Entering directory '/home/ana/Cpp-Practical-Course/sheet05/exercise2/build/CMakeFiles/CMakeTmp'
Building CXX object CMakeFiles/cmTC_54cab.dir/CheckSymbolExists.cxx.o
/usr/bin/c++    -Wall -Wextra -Wpedantic    -std=gnu++2a -o CMakeFiles/cmTC_54cab.dir/CheckSymbolExists.cxx.o -c /home/ana/Cpp-Practical-Course/sheet05/exercise2/build/CMakeFiles/CMakeTmp/CheckSymbolExists.cxx
Linking CXX executable cmTC_54cab
/usr/bin/cmake -E cmake_link_script CMakeFiles/cmTC_54cab.dir/link.txt --verbose=1
/usr/bin/c++   -Wall -Wextra -Wpedantic     CMakeFiles/cmTC_54cab.dir/CheckSymbolExists.cxx.o  -o cmTC_54cab 
make[1]: Leaving directory '/home/ana/Cpp-Practical-Course/sheet05/exercise2/build/CMakeFiles/CMakeTmp'


File /home/ana/Cpp-Practical-Course/sheet05/exercise2/build/CMakeFiles/CMakeTmp/CheckSymbolExists.cxx:
/* */
#include <sys/stat.h>
#include <sys/types.h>

int main(int argc, char** argv)
{
  (void)argv;
#ifndef mkdir
  return ((int*)(&mkdir))[argc];
#else
  (void)argc;
  return 0;
#endif
}
Determining if the mkdirat exist passed with the following output:
Change Dir: /home/ana/Cpp-Practical-Course/sheet05/exercise2/build/CMakeFiles/CMakeTmp

Run Build Command(s):/usr/bin/make cmTC_6fcb5/fast && /usr/bin/make -f CMakeFiles/cmTC_6fcb5.dir/build.make CMakeFiles/cmTC_6fcb5.dir/build
make[1]: Entering directory '/home/ana/Cpp-Practical-Course/sheet05/exercise2/build/CMakeFiles/CMakeTmp'
Building CXX object CMakeFiles/cmTC_6fcb5.dir/CheckSymbolExists.cxx.o
/usr/bin/c++    -Wall -Wextra -Wpedantic    -std=gnu++2a -o CMakeFiles/cmTC_6fcb5.dir/CheckSymbolExists.cxx.o -c /home/ana/Cpp-Practical-Course/sheet05/exercise2/build/CMakeFiles/CMakeTmp/CheckSymbolExists.cxx
Linking CXX executable cmTC_6fcb5
/usr/bin/cmake -E cmake_link_script CMakeFiles/cmTC_6fcb5.dir/link.txt --verbose=1
/usr/bin/c++   -Wall -Wextra -Wpedantic     CMakeFiles/cmTC_6fcb5.dir/CheckSymbolExists.cxx.o  -o cmTC_6fcb5 
make[1]: Leaving directory '/home/ana/Cpp-Practical-Course/sheet05/exercise2/build/CMakeFiles/CMakeTmp'


File /home/ana/Cpp-Practical-Course/sheet05/exercise2/build/CMakeFiles/CMakeTmp/CheckSymbolExists.cxx:
/* */
#include <sys/stat.h>
#include <sys/types.h>
#include <fcntl.h>

int main(int argc, char** argv)
{
  (void)argv;
#ifndef mkdirat
  return ((int*)(&mkdirat))[argc];
#else
  (void)argc;
  return 0;
#endif
}
Determining if the open exist passed with the following output:
Change Dir: /home/ana/Cpp-Practical-Course/sheet05/exercise2/build/CMakeFiles/CMakeTmp

Run Build Command(s):/usr/bin/make cmTC_be83d/fast && /usr/bin/make -f CMakeFiles/cmTC_be83d.dir/build.make CMakeFiles/cmTC_be83d.dir/build
make[1]: Entering directory '/home/ana/Cpp-Practical-Course/sheet05/exercise2/build/CMakeFiles/CMakeTmp'
Building CXX object CMakeFiles/cmTC_be83d.dir/CheckSymbolExists.cxx.o
/usr/bin/c++    -Wall -Wextra -Wpedantic    -std=gnu++2a -o CMakeFiles/cmTC_be83d.dir/CheckSymbolExists.cxx.o -c /home/ana/Cpp-Practical-Course/sheet05/exercise2/build/CMakeFiles/CMakeTmp/CheckSymbolExists.cxx
Linking CXX executable cmTC_be83d
/usr/bin/cmake -E cmake_link_script CMakeFiles/cmTC_be83d.dir/link.txt --verbose=1
/usr/bin/c++   -Wall -Wextra -Wpedantic     CMakeFiles/cmTC_be83d.dir/CheckSymbolExists.cxx.o  -o cmTC_be83d 
make[1]: Leaving directory '/home/ana/Cpp-Practical-Course/sheet05/exercise2/build/CMakeFiles/CMakeTmp'


File /home/ana/Cpp-Practical-Course/sheet05/exercise2/build/CMakeFiles/CMakeTmp/CheckSymbolExists.cxx:
/* */
#include <sys/stat.h>
#include <sys/types.h>
#include <fcntl.h>

int main(int argc, char** argv)
{
  (void)argv;
#ifndef open
  return ((int*)(&open))[argc];
#else
  (void)argc;
  return 0;
#endif
}
Determining if the openat exist passed with the following output:
Change Dir: /home/ana/Cpp-Practical-Course/sheet05/exercise2/build/CMakeFiles/CMakeTmp

Run Build Command(s):/usr/bin/make cmTC_75dea/fast && /usr/bin/make -f CMakeFiles/cmTC_75dea.dir/build.make CMakeFiles/cmTC_75dea.dir/build
make[1]: Entering directory '/home/ana/Cpp-Practical-Course/sheet05/exercise2/build/CMakeFiles/CMakeTmp'
Building CXX object CMakeFiles/cmTC_75dea.dir/CheckSymbolExists.cxx.o
/usr/bin/c++    -Wall -Wextra -Wpedantic    -std=gnu++2a -o CMakeFiles/cmTC_75dea.dir/CheckSymbolExists.cxx.o -c /home/ana/Cpp-Practical-Course/sheet05/exercise2/build/CMakeFiles/CMakeTmp/CheckSymbolExists.cxx
Linking CXX executable cmTC_75dea
/usr/bin/cmake -E cmake_link_script CMakeFiles/cmTC_75dea.dir/link.txt --verbose=1
/usr/bin/c++   -Wall -Wextra -Wpedantic     CMakeFiles/cmTC_75dea.dir/CheckSymbolExists.cxx.o  -o cmTC_75dea 
make[1]: Leaving directory '/home/ana/Cpp-Practical-Course/sheet05/exercise2/build/CMakeFiles/CMakeTmp'


File /home/ana/Cpp-Practical-Course/sheet05/exercise2/build/CMakeFiles/CMakeTmp/CheckSymbolExists.cxx:
/* */
#include <sys/stat.h>
#include <sys/types.h>
#include <fcntl.h>

int main(int argc, char** argv)
{
  (void)argv;
#ifndef openat
  return ((int*)(&openat))[argc];
#else
  (void)argc;
  return 0;
#endif
}
Determining if the unlinkat exist passed with the following output:
Change Dir: /home/ana/Cpp-Practical-Course/sheet05/exercise2/build/CMakeFiles/CMakeTmp

Run Build Command(s):/usr/bin/make cmTC_fb818/fast && /usr/bin/make -f CMakeFiles/cmTC_fb818.dir/build.make CMakeFiles/cmTC_fb818.dir/build
make[1]: Entering directory '/home/ana/Cpp-Practical-Course/sheet05/exercise2/build/CMakeFiles/CMakeTmp'
Building CXX object CMakeFiles/cmTC_fb818.dir/CheckSymbolExists.cxx.o
/usr/bin/c++    -Wall -Wextra -Wpedantic    -std=gnu++2a -o CMakeFiles/cmTC_fb818.dir/CheckSymbolExists.cxx.o -c /home/ana/Cpp-Practical-Course/sheet05/exercise2/build/CMakeFiles/CMakeTmp/CheckSymbolExists.cxx
Linking CXX executable cmTC_fb818
/usr/bin/cmake -E cmake_link_script CMakeFiles/cmTC_fb818.dir/link.txt --verbose=1
/usr/bin/c++   -Wall -Wextra -Wpedantic     CMakeFiles/cmTC_fb818.dir/CheckSymbolExists.cxx.o  -o cmTC_fb818 
make[1]: Leaving directory '/home/ana/Cpp-Practical-Course/sheet05/exercise2/build/CMakeFiles/CMakeTmp'


File /home/ana/Cpp-Practical-Course/sheet05/exercise2/build/CMakeFiles/CMakeTmp/CheckSymbolExists.cxx:
/* */
#include <unistd.h>

int main(int argc, char** argv)
{
  (void)argv;
#ifndef unlinkat
  return ((int*)(&unlinkat))[argc];
#else
  (void)argc;
  return 0;
#endif
}
Determining if the rmdir exist passed with the following output:
Change Dir: /home/ana/Cpp-Practical-Course/sheet05/exercise2/build/CMakeFiles/CMakeTmp

Run Build Command(s):/usr/bin/make cmTC_31d04/fast && /usr/bin/make -f CMakeFiles/cmTC_31d04.dir/build.make CMakeFiles/cmTC_31d04.dir/build
make[1]: Entering directory '/home/ana/Cpp-Practical-Course/sheet05/exercise2/build/CMakeFiles/CMakeTmp'
Building CXX object CMakeFiles/cmTC_31d04.dir/CheckSymbolExists.cxx.o
/usr/bin/c++    -Wall -Wextra -Wpedantic    -std=gnu++2a -o CMakeFiles/cmTC_31d04.dir/CheckSymbolExists.cxx.o -c /home/ana/Cpp-Practical-Course/sheet05/exercise2/build/CMakeFiles/CMakeTmp/CheckSymbolExists.cxx
Linking CXX executable cmTC_31d04
/usr/bin/cmake -E cmake_link_script CMakeFiles/cmTC_31d04.dir/link.txt --verbose=1
/usr/bin/c++   -Wall -Wextra -Wpedantic     CMakeFiles/cmTC_31d04.dir/CheckSymbolExists.cxx.o  -o cmTC_31d04 
make[1]: Leaving directory '/home/ana/Cpp-Practical-Course/sheet05/exercise2/build/CMakeFiles/CMakeTmp'


File /home/ana/Cpp-Practical-Course/sheet05/exercise2/build/CMakeFiles/CMakeTmp/CheckSymbolExists.cxx:
/* */
#include <unistd.h>

int main(int argc, char** argv)
{
  (void)argv;
#ifndef rmdir
  return ((int*)(&rmdir))[argc];
#else
  (void)argc;
  return 0;
#endif
}
Determining if the close exist passed with the following output:
Change Dir: /home/ana/Cpp-Practical-Course/sheet05/exercise2/build/CMakeFiles/CMakeTmp

Run Build Command(s):/usr/bin/make cmTC_4021c/fast && /usr/bin/make -f CMakeFiles/cmTC_4021c.dir/build.make CMakeFiles/cmTC_4021c.dir/build
make[1]: Entering directory '/home/ana/Cpp-Practical-Course/sheet05/exercise2/build/CMakeFiles/CMakeTmp'
Building CXX object CMakeFiles/cmTC_4021c.dir/CheckSymbolExists.cxx.o
/usr/bin/c++    -Wall -Wextra -Wpedantic    -std=gnu++2a -o CMakeFiles/cmTC_4021c.dir/CheckSymbolExists.cxx.o -c /home/ana/Cpp-Practical-Course/sheet05/exercise2/build/CMakeFiles/CMakeTmp/CheckSymbolExists.cxx
Linking CXX executable cmTC_4021c
/usr/bin/cmake -E cmake_link_script CMakeFiles/cmTC_4021c.dir/link.txt --verbose=1
/usr/bin/c++   -Wall -Wextra -Wpedantic     CMakeFiles/cmTC_4021c.dir/CheckSymbolExists.cxx.o  -o cmTC_4021c 
make[1]: Leaving directory '/home/ana/Cpp-Practical-Course/sheet05/exercise2/build/CMakeFiles/CMakeTmp'


File /home/ana/Cpp-Practical-Course/sheet05/exercise2/build/CMakeFiles/CMakeTmp/CheckSymbolExists.cxx:
/* */
#include <unistd.h>

int main(int argc, char** argv)
{
  (void)argv;
#ifndef close
  return ((int*)(&close))[argc];
#else
  (void)argc;
  return 0;
#endif
}
Determining if the stat exist passed with the following output:
Change Dir: /home/ana/Cpp-Practical-Course/sheet05/exercise2/build/CMakeFiles/CMakeTmp

Run Build Command(s):/usr/bin/make cmTC_da0ba/fast && /usr/bin/make -f CMakeFiles/cmTC_da0ba.dir/build.make CMakeFiles/cmTC_da0ba.dir/build
make[1]: Entering directory '/home/ana/Cpp-Practical-Course/sheet05/exercise2/build/CMakeFiles/CMakeTmp'
Building CXX object CMakeFiles/cmTC_da0ba.dir/CheckSymbolExists.cxx.o
/usr/bin/c++    -Wall -Wextra -Wpedantic    -std=gnu++2a -o CMakeFiles/cmTC_da0ba.dir/CheckSymbolExists.cxx.o -c /home/ana/Cpp-Practical-Course/sheet05/exercise2/build/CMakeFiles/CMakeTmp/CheckSymbolExists.cxx
Linking CXX executable cmTC_da0ba
/usr/bin/cmake -E cmake_link_script CMakeFiles/cmTC_da0ba.dir/link.txt --verbose=1
/usr/bin/c++   -Wall -Wextra -Wpedantic     CMakeFiles/cmTC_da0ba.dir/CheckSymbolExists.cxx.o  -o cmTC_da0ba 
make[1]: Leaving directory '/home/ana/Cpp-Practical-Course/sheet05/exercise2/build/CMakeFiles/CMakeTmp'


File /home/ana/Cpp-Practical-Course/sheet05/exercise2/build/CMakeFiles/CMakeTmp/CheckSymbolExists.cxx:
/* */
#include <sys/stat.h>
#include <sys/types.h>
#include <unistd.h>

int main(int argc, char** argv)
{
  (void)argv;
#ifndef stat
  return ((int*)(&stat))[argc];
#else
  (void)argc;
  return 0;
#endif
}
Determining if the nftw exist passed with the following output:
Change Dir: /home/ana/Cpp-Practical-Course/sheet05/exercise2/build/CMakeFiles/CMakeTmp

Run Build Command(s):/usr/bin/make cmTC_dd063/fast && /usr/bin/make -f CMakeFiles/cmTC_dd063.dir/build.make CMakeFiles/cmTC_dd063.dir/build
make[1]: Entering directory '/home/ana/Cpp-Practical-Course/sheet05/exercise2/build/CMakeFiles/CMakeTmp'
Building CXX object CMakeFiles/cmTC_dd063.dir/CheckSymbolExists.cxx.o
/usr/bin/c++    -Wall -Wextra -Wpedantic    -std=gnu++2a -o CMakeFiles/cmTC_dd063.dir/CheckSymbolExists.cxx.o -c /home/ana/Cpp-Practical-Course/sheet05/exercise2/build/CMakeFiles/CMakeTmp/CheckSymbolExists.cxx
Linking CXX executable cmTC_dd063
/usr/bin/cmake -E cmake_link_script CMakeFiles/cmTC_dd063.dir/link.txt --verbose=1
/usr/bin/c++   -Wall -Wextra -Wpedantic     CMakeFiles/cmTC_dd063.dir/CheckSymbolExists.cxx.o  -o cmTC_dd063 
make[1]: Leaving directory '/home/ana/Cpp-Practical-Course/sheet05/exercise2/build/CMakeFiles/CMakeTmp'


File /home/ana/Cpp-Practical-Course/sheet05/exercise2/build/CMakeFiles/CMakeTmp/CheckSymbolExists.cxx:
/* */
#include <ftw.h>

int main(int argc, char** argv)
{
  (void)argv;
#ifndef nftw
  return ((int*)(&nftw))[argc];
#else
  (void)argc;
  return 0;
#endif
}
Determining if the inotify_init exist passed with the following output:
Change Dir: /home/ana/Cpp-Practical-Course/sheet05/exercise2/build/CMakeFiles/CMakeTmp

Run Build Command(s):/usr/bin/make cmTC_3ddac/fast && /usr/bin/make -f CMakeFiles/cmTC_3ddac.dir/build.make CMakeFiles/cmTC_3ddac.dir/build
make[1]: Entering directory '/home/ana/Cpp-Practical-Course/sheet05/exercise2/build/CMakeFiles/CMakeTmp'
Building CXX object CMakeFiles/cmTC_3ddac.dir/CheckSymbolExists.cxx.o
/usr/bin/c++    -Wall -Wextra -Wpedantic    -std=gnu++2a -o CMakeFiles/cmTC_3ddac.dir/CheckSymbolExists.cxx.o -c /home/ana/Cpp-Practical-Course/sheet05/exercise2/build/CMakeFiles/CMakeTmp/CheckSymbolExists.cxx
Linking CXX executable cmTC_3ddac
/usr/bin/cmake -E cmake_link_script CMakeFiles/cmTC_3ddac.dir/link.txt --verbose=1
/usr/bin/c++   -Wall -Wextra -Wpedantic     CMakeFiles/cmTC_3ddac.dir/CheckSymbolExists.cxx.o  -o cmTC_3ddac 
make[1]: Leaving directory '/home/ana/Cpp-Practical-Course/sheet05/exercise2/build/CMakeFiles/CMakeTmp'


File /home/ana/Cpp-Practical-Course/sheet05/exercise2/build/CMakeFiles/CMakeTmp/CheckSymbolExists.cxx:
/* */
#include <sys/inotify.h>

int main(int argc, char** argv)
{
  (void)argv;
#ifndef inotify_init
  return ((int*)(&inotify_init))[argc];
#else
  (void)argc;
  return 0;
#endif
}
Determining if the inotify_add_watch exist passed with the following output:
Change Dir: /home/ana/Cpp-Practical-Course/sheet05/exercise2/build/CMakeFiles/CMakeTmp

Run Build Command(s):/usr/bin/make cmTC_eaa56/fast && /usr/bin/make -f CMakeFiles/cmTC_eaa56.dir/build.make CMakeFiles/cmTC_eaa56.dir/build
make[1]: Entering directory '/home/ana/Cpp-Practical-Course/sheet05/exercise2/build/CMakeFiles/CMakeTmp'
Building CXX object CMakeFiles/cmTC_eaa56.dir/CheckSymbolExists.cxx.o
/usr/bin/c++    -Wall -Wextra -Wpedantic    -std=gnu++2a -o CMakeFiles/cmTC_eaa56.dir/CheckSymbolExists.cxx.o -c /home/ana/Cpp-Practical-Course/sheet05/exercise2/build/CMakeFiles/CMakeTmp/CheckSymbolExists.cxx
Linking CXX executable cmTC_eaa56
/usr/bin/cmake -E cmake_link_script CMakeFiles/cmTC_eaa56.dir/link.txt --verbose=1
/usr/bin/c++   -Wall -Wextra -Wpedantic     CMakeFiles/cmTC_eaa56.dir/CheckSymbolExists.cxx.o  -o cmTC_eaa56 
make[1]: Leaving directory '/home/ana/Cpp-Practical-Course/sheet05/exercise2/build/CMakeFiles/CMakeTmp'


File /home/ana/Cpp-Practical-Course/sheet05/exercise2/build/CMakeFiles/CMakeTmp/CheckSymbolExists.cxx:
/* */
#include <sys/inotify.h>

int main(int argc, char** argv)
{
  (void)argv;
#ifndef inotify_add_watch
  return ((int*)(&inotify_add_watch))[argc];
#else
  (void)argc;
  return 0;
#endif
}
Determining if the inotify_rm_watch exist passed with the following output:
Change Dir: /home/ana/Cpp-Practical-Course/sheet05/exercise2/build/CMakeFiles/CMakeTmp

Run Build Command(s):/usr/bin/make cmTC_2476a/fast && /usr/bin/make -f CMakeFiles/cmTC_2476a.dir/build.make CMakeFiles/cmTC_2476a.dir/build
make[1]: Entering directory '/home/ana/Cpp-Practical-Course/sheet05/exercise2/build/CMakeFiles/CMakeTmp'
Building CXX object CMakeFiles/cmTC_2476a.dir/CheckSymbolExists.cxx.o
/usr/bin/c++    -Wall -Wextra -Wpedantic    -std=gnu++2a -o CMakeFiles/cmTC_2476a.dir/CheckSymbolExists.cxx.o -c /home/ana/Cpp-Practical-Course/sheet05/exercise2/build/CMakeFiles/CMakeTmp/CheckSymbolExists.cxx
Linking CXX executable cmTC_2476a
/usr/bin/cmake -E cmake_link_script CMakeFiles/cmTC_2476a.dir/link.txt --verbose=1
/usr/bin/c++   -Wall -Wextra -Wpedantic     CMakeFiles/cmTC_2476a.dir/CheckSymbolExists.cxx.o  -o cmTC_2476a 
make[1]: Leaving directory '/home/ana/Cpp-Practical-Course/sheet05/exercise2/build/CMakeFiles/CMakeTmp'


File /home/ana/Cpp-Practical-Course/sheet05/exercise2/build/CMakeFiles/CMakeTmp/CheckSymbolExists.cxx:
/* */
#include <sys/inotify.h>

int main(int argc, char** argv)
{
  (void)argv;
#ifndef inotify_rm_watch
  return ((int*)(&inotify_rm_watch))[argc];
#else
  (void)argc;
  return 0;
#endif
}
Determining if the poll exist passed with the following output:
Change Dir: /home/ana/Cpp-Practical-Course/sheet05/exercise2/build/CMakeFiles/CMakeTmp

Run Build Command(s):/usr/bin/make cmTC_e5171/fast && /usr/bin/make -f CMakeFiles/cmTC_e5171.dir/build.make CMakeFiles/cmTC_e5171.dir/build
make[1]: Entering directory '/home/ana/Cpp-Practical-Course/sheet05/exercise2/build/CMakeFiles/CMakeTmp'
Building CXX object CMakeFiles/cmTC_e5171.dir/CheckSymbolExists.cxx.o
/usr/bin/c++    -Wall -Wextra -Wpedantic    -std=gnu++2a -o CMakeFiles/cmTC_e5171.dir/CheckSymbolExists.cxx.o -c /home/ana/Cpp-Practical-Course/sheet05/exercise2/build/CMakeFiles/CMakeTmp/CheckSymbolExists.cxx
Linking CXX executable cmTC_e5171
/usr/bin/cmake -E cmake_link_script CMakeFiles/cmTC_e5171.dir/link.txt --verbose=1
/usr/bin/c++   -Wall -Wextra -Wpedantic     CMakeFiles/cmTC_e5171.dir/CheckSymbolExists.cxx.o  -o cmTC_e5171 
make[1]: Leaving directory '/home/ana/Cpp-Practical-Course/sheet05/exercise2/build/CMakeFiles/CMakeTmp'


File /home/ana/Cpp-Practical-Course/sheet05/exercise2/build/CMakeFiles/CMakeTmp/CheckSymbolExists.cxx:
/* */
#include <poll.h>
#include <sys/types.h>

int main(int argc, char** argv)
{
  (void)argv;
#ifndef poll
  return ((int*)(&poll))[argc];
#else
  (void)argc;
  return 0;
#endif
}
Determining if the read exist passed with the following output:
Change Dir: /home/ana/Cpp-Practical-Course/sheet05/exercise2/build/CMakeFiles/CMakeTmp

Run Build Command(s):/usr/bin/make cmTC_e7c28/fast && /usr/bin/make -f CMakeFiles/cmTC_e7c28.dir/build.make CMakeFiles/cmTC_e7c28.dir/build
make[1]: Entering directory '/home/ana/Cpp-Practical-Course/sheet05/exercise2/build/CMakeFiles/CMakeTmp'
Building CXX object CMakeFiles/cmTC_e7c28.dir/CheckSymbolExists.cxx.o
/usr/bin/c++    -Wall -Wextra -Wpedantic    -std=gnu++2a -o CMakeFiles/cmTC_e7c28.dir/CheckSymbolExists.cxx.o -c /home/ana/Cpp-Practical-Course/sheet05/exercise2/build/CMakeFiles/CMakeTmp/CheckSymbolExists.cxx
Linking CXX executable cmTC_e7c28
/usr/bin/cmake -E cmake_link_script CMakeFiles/cmTC_e7c28.dir/link.txt --verbose=1
/usr/bin/c++   -Wall -Wextra -Wpedantic     CMakeFiles/cmTC_e7c28.dir/CheckSymbolExists.cxx.o  -o cmTC_e7c28 
make[1]: Leaving directory '/home/ana/Cpp-Practical-Course/sheet05/exercise2/build/CMakeFiles/CMakeTmp'


File /home/ana/Cpp-Practical-Course/sheet05/exercise2/build/CMakeFiles/CMakeTmp/CheckSymbolExists.cxx:
/* */
#include <unistd.h>

int main(int argc, char** argv)
{
  (void)argv;
#ifndef read
  return ((int*)(&read))[argc];
#else
  (void)argc;
  return 0;
#endif
}
Determining if the write exist passed with the following output:
Change Dir: /home/ana/Cpp-Practical-Course/sheet05/exercise2/build/CMakeFiles/CMakeTmp

Run Build Command(s):/usr/bin/make cmTC_acc38/fast && /usr/bin/make -f CMakeFiles/cmTC_acc38.dir/build.make CMakeFiles/cmTC_acc38.dir/build
make[1]: Entering directory '/home/ana/Cpp-Practical-Course/sheet05/exercise2/build/CMakeFiles/CMakeTmp'
Building CXX object CMakeFiles/cmTC_acc38.dir/CheckSymbolExists.cxx.o
/usr/bin/c++    -Wall -Wextra -Wpedantic    -std=gnu++2a -o CMakeFiles/cmTC_acc38.dir/CheckSymbolExists.cxx.o -c /home/ana/Cpp-Practical-Course/sheet05/exercise2/build/CMakeFiles/CMakeTmp/CheckSymbolExists.cxx
Linking CXX executable cmTC_acc38
/usr/bin/cmake -E cmake_link_script CMakeFiles/cmTC_acc38.dir/link.txt --verbose=1
/usr/bin/c++   -Wall -Wextra -Wpedantic     CMakeFiles/cmTC_acc38.dir/CheckSymbolExists.cxx.o  -o cmTC_acc38 
make[1]: Leaving directory '/home/ana/Cpp-Practical-Course/sheet05/exercise2/build/CMakeFiles/CMakeTmp'


File /home/ana/Cpp-Practical-Course/sheet05/exercise2/build/CMakeFiles/CMakeTmp/CheckSymbolExists.cxx:
/* */
#include <unistd.h>

int main(int argc, char** argv)
{
  (void)argv;
#ifndef write
  return ((int*)(&write))[argc];
#else
  (void)argc;
  return 0;
#endif
}
Determining if the pipe exist passed with the following output:
Change Dir: /home/ana/Cpp-Practical-Course/sheet05/exercise2/build/CMakeFiles/CMakeTmp

Run Build Command(s):/usr/bin/make cmTC_9a228/fast && /usr/bin/make -f CMakeFiles/cmTC_9a228.dir/build.make CMakeFiles/cmTC_9a228.dir/build
make[1]: Entering directory '/home/ana/Cpp-Practical-Course/sheet05/exercise2/build/CMakeFiles/CMakeTmp'
Building CXX object CMakeFiles/cmTC_9a228.dir/CheckSymbolExists.cxx.o
/usr/bin/c++    -Wall -Wextra -Wpedantic    -std=gnu++2a -o CMakeFiles/cmTC_9a228.dir/CheckSymbolExists.cxx.o -c /home/ana/Cpp-Practical-Course/sheet05/exercise2/build/CMakeFiles/CMakeTmp/CheckSymbolExists.cxx
Linking CXX executable cmTC_9a228
/usr/bin/cmake -E cmake_link_script CMakeFiles/cmTC_9a228.dir/link.txt --verbose=1
/usr/bin/c++   -Wall -Wextra -Wpedantic     CMakeFiles/cmTC_9a228.dir/CheckSymbolExists.cxx.o  -o cmTC_9a228 
make[1]: Leaving directory '/home/ana/Cpp-Practical-Course/sheet05/exercise2/build/CMakeFiles/CMakeTmp'


File /home/ana/Cpp-Practical-Course/sheet05/exercise2/build/CMakeFiles/CMakeTmp/CheckSymbolExists.cxx:
/* */
#include <unistd.h>

int main(int argc, char** argv)
{
  (void)argv;
#ifndef pipe
  return ((int*)(&pipe))[argc];
#else
  (void)argc;
  return 0;
#endif
}
Determining if the sigtimedwait exist passed with the following output:
Change Dir: /home/ana/Cpp-Practical-Course/sheet05/exercise2/build/CMakeFiles/CMakeTmp

Run Build Command(s):/usr/bin/make cmTC_abb58/fast && /usr/bin/make -f CMakeFiles/cmTC_abb58.dir/build.make CMakeFiles/cmTC_abb58.dir/build
make[1]: Entering directory '/home/ana/Cpp-Practical-Course/sheet05/exercise2/build/CMakeFiles/CMakeTmp'
Building CXX object CMakeFiles/cmTC_abb58.dir/CheckSymbolExists.cxx.o
/usr/bin/c++    -Wall -Wextra -Wpedantic    -std=gnu++2a -o CMakeFiles/cmTC_abb58.dir/CheckSymbolExists.cxx.o -c /home/ana/Cpp-Practical-Course/sheet05/exercise2/build/CMakeFiles/CMakeTmp/CheckSymbolExists.cxx
Linking CXX executable cmTC_abb58
/usr/bin/cmake -E cmake_link_script CMakeFiles/cmTC_abb58.dir/link.txt --verbose=1
/usr/bin/c++   -Wall -Wextra -Wpedantic     CMakeFiles/cmTC_abb58.dir/CheckSymbolExists.cxx.o  -o cmTC_abb58 
make[1]: Leaving directory '/home/ana/Cpp-Practical-Course/sheet05/exercise2/build/CMakeFiles/CMakeTmp'


File /home/ana/Cpp-Practical-Course/sheet05/exercise2/build/CMakeFiles/CMakeTmp/CheckSymbolExists.cxx:
/* */
#include <signal.h>

int main(int argc, char** argv)
{
  (void)argv;
#ifndef sigtimedwait
  return ((int*)(&sigtimedwait))[argc];
#else
  (void)argc;
  return 0;
#endif
}
Determining if the sigprocmask exist passed with the following output:
Change Dir: /home/ana/Cpp-Practical-Course/sheet05/exercise2/build/CMakeFiles/CMakeTmp

Run Build Command(s):/usr/bin/make cmTC_0e836/fast && /usr/bin/make -f CMakeFiles/cmTC_0e836.dir/build.make CMakeFiles/cmTC_0e836.dir/build
make[1]: Entering directory '/home/ana/Cpp-Practical-Course/sheet05/exercise2/build/CMakeFiles/CMakeTmp'
Building CXX object CMakeFiles/cmTC_0e836.dir/CheckSymbolExists.cxx.o
/usr/bin/c++    -Wall -Wextra -Wpedantic    -std=gnu++2a -o CMakeFiles/cmTC_0e836.dir/CheckSymbolExists.cxx.o -c /home/ana/Cpp-Practical-Course/sheet05/exercise2/build/CMakeFiles/CMakeTmp/CheckSymbolExists.cxx
Linking CXX executable cmTC_0e836
/usr/bin/cmake -E cmake_link_script CMakeFiles/cmTC_0e836.dir/link.txt --verbose=1
/usr/bin/c++   -Wall -Wextra -Wpedantic     CMakeFiles/cmTC_0e836.dir/CheckSymbolExists.cxx.o  -o cmTC_0e836 
make[1]: Leaving directory '/home/ana/Cpp-Practical-Course/sheet05/exercise2/build/CMakeFiles/CMakeTmp'


File /home/ana/Cpp-Practical-Course/sheet05/exercise2/build/CMakeFiles/CMakeTmp/CheckSymbolExists.cxx:
/* */
#include <signal.h>

int main(int argc, char** argv)
{
  (void)argv;
#ifndef sigprocmask
  return ((int*)(&sigprocmask))[argc];
#else
  (void)argc;
  return 0;
#endif
}
Determining if the kill exist passed with the following output:
Change Dir: /home/ana/Cpp-Practical-Course/sheet05/exercise2/build/CMakeFiles/CMakeTmp

Run Build Command(s):/usr/bin/make cmTC_1b4b8/fast && /usr/bin/make -f CMakeFiles/cmTC_1b4b8.dir/build.make CMakeFiles/cmTC_1b4b8.dir/build
make[1]: Entering directory '/home/ana/Cpp-Practical-Course/sheet05/exercise2/build/CMakeFiles/CMakeTmp'
Building CXX object CMakeFiles/cmTC_1b4b8.dir/CheckSymbolExists.cxx.o
/usr/bin/c++    -Wall -Wextra -Wpedantic    -std=gnu++2a -o CMakeFiles/cmTC_1b4b8.dir/CheckSymbolExists.cxx.o -c /home/ana/Cpp-Practical-Course/sheet05/exercise2/build/CMakeFiles/CMakeTmp/CheckSymbolExists.cxx
Linking CXX executable cmTC_1b4b8
/usr/bin/cmake -E cmake_link_script CMakeFiles/cmTC_1b4b8.dir/link.txt --verbose=1
/usr/bin/c++   -Wall -Wextra -Wpedantic     CMakeFiles/cmTC_1b4b8.dir/CheckSymbolExists.cxx.o  -o cmTC_1b4b8 
make[1]: Leaving directory '/home/ana/Cpp-Practical-Course/sheet05/exercise2/build/CMakeFiles/CMakeTmp'


File /home/ana/Cpp-Practical-Course/sheet05/exercise2/build/CMakeFiles/CMakeTmp/CheckSymbolExists.cxx:
/* */
#include <sys/types.h>
#include <signal.h>

int main(int argc, char** argv)
{
  (void)argv;
#ifndef kill
  return ((int*)(&kill))[argc];
#else
  (void)argc;
  return 0;
#endif
}
Determining if the waitpid exist passed with the following output:
Change Dir: /home/ana/Cpp-Practical-Course/sheet05/exercise2/build/CMakeFiles/CMakeTmp

Run Build Command(s):/usr/bin/make cmTC_e4b50/fast && /usr/bin/make -f CMakeFiles/cmTC_e4b50.dir/build.make CMakeFiles/cmTC_e4b50.dir/build
make[1]: Entering directory '/home/ana/Cpp-Practical-Course/sheet05/exercise2/build/CMakeFiles/CMakeTmp'
Building CXX object CMakeFiles/cmTC_e4b50.dir/CheckSymbolExists.cxx.o
/usr/bin/c++    -Wall -Wextra -Wpedantic    -std=gnu++2a -o CMakeFiles/cmTC_e4b50.dir/CheckSymbolExists.cxx.o -c /home/ana/Cpp-Practical-Course/sheet05/exercise2/build/CMakeFiles/CMakeTmp/CheckSymbolExists.cxx
Linking CXX executable cmTC_e4b50
/usr/bin/cmake -E cmake_link_script CMakeFiles/cmTC_e4b50.dir/link.txt --verbose=1
/usr/bin/c++   -Wall -Wextra -Wpedantic     CMakeFiles/cmTC_e4b50.dir/CheckSymbolExists.cxx.o  -o cmTC_e4b50 
make[1]: Leaving directory '/home/ana/Cpp-Practical-Course/sheet05/exercise2/build/CMakeFiles/CMakeTmp'


File /home/ana/Cpp-Practical-Course/sheet05/exercise2/build/CMakeFiles/CMakeTmp/CheckSymbolExists.cxx:
/* */
#include <sys/types.h>
#include <wait.h>

int main(int argc, char** argv)
{
  (void)argv;
#ifndef waitpid
  return ((int*)(&waitpid))[argc];
#else
  (void)argc;
  return 0;
#endif
}
Determining if the fork exist passed with the following output:
Change Dir: /home/ana/Cpp-Practical-Course/sheet05/exercise2/build/CMakeFiles/CMakeTmp

Run Build Command(s):/usr/bin/make cmTC_8e201/fast && /usr/bin/make -f CMakeFiles/cmTC_8e201.dir/build.make CMakeFiles/cmTC_8e201.dir/build
make[1]: Entering directory '/home/ana/Cpp-Practical-Course/sheet05/exercise2/build/CMakeFiles/CMakeTmp'
Building CXX object CMakeFiles/cmTC_8e201.dir/CheckSymbolExists.cxx.o
/usr/bin/c++    -Wall -Wextra -Wpedantic    -std=gnu++2a -o CMakeFiles/cmTC_8e201.dir/CheckSymbolExists.cxx.o -c /home/ana/Cpp-Practical-Course/sheet05/exercise2/build/CMakeFiles/CMakeTmp/CheckSymbolExists.cxx
Linking CXX executable cmTC_8e201
/usr/bin/cmake -E cmake_link_script CMakeFiles/cmTC_8e201.dir/link.txt --verbose=1
/usr/bin/c++   -Wall -Wextra -Wpedantic     CMakeFiles/cmTC_8e201.dir/CheckSymbolExists.cxx.o  -o cmTC_8e201 
make[1]: Leaving directory '/home/ana/Cpp-Practical-Course/sheet05/exercise2/build/CMakeFiles/CMakeTmp'


File /home/ana/Cpp-Practical-Course/sheet05/exercise2/build/CMakeFiles/CMakeTmp/CheckSymbolExists.cxx:
/* */
#include <sys/types.h>
#include <unistd.h>

int main(int argc, char** argv)
{
  (void)argv;
#ifndef fork
  return ((int*)(&fork))[argc];
#else
  (void)argc;
  return 0;
#endif
}
Determining if the dup2 exist passed with the following output:
Change Dir: /home/ana/Cpp-Practical-Course/sheet05/exercise2/build/CMakeFiles/CMakeTmp

Run Build Command(s):/usr/bin/make cmTC_1872d/fast && /usr/bin/make -f CMakeFiles/cmTC_1872d.dir/build.make CMakeFiles/cmTC_1872d.dir/build
make[1]: Entering directory '/home/ana/Cpp-Practical-Course/sheet05/exercise2/build/CMakeFiles/CMakeTmp'
Building CXX object CMakeFiles/cmTC_1872d.dir/CheckSymbolExists.cxx.o
/usr/bin/c++    -Wall -Wextra -Wpedantic    -std=gnu++2a -o CMakeFiles/cmTC_1872d.dir/CheckSymbolExists.cxx.o -c /home/ana/Cpp-Practical-Course/sheet05/exercise2/build/CMakeFiles/CMakeTmp/CheckSymbolExists.cxx
Linking CXX executable cmTC_1872d
/usr/bin/cmake -E cmake_link_script CMakeFiles/cmTC_1872d.dir/link.txt --verbose=1
/usr/bin/c++   -Wall -Wextra -Wpedantic     CMakeFiles/cmTC_1872d.dir/CheckSymbolExists.cxx.o  -o cmTC_1872d 
make[1]: Leaving directory '/home/ana/Cpp-Practical-Course/sheet05/exercise2/build/CMakeFiles/CMakeTmp'


File /home/ana/Cpp-Practical-Course/sheet05/exercise2/build/CMakeFiles/CMakeTmp/CheckSymbolExists.cxx:
/* */
#include <unistd.h>

int main(int argc, char** argv)
{
  (void)argv;
#ifndef dup2
  return ((int*)(&dup2))[argc];
#else
  (void)argc;
  return 0;
#endif
}
