Performing C SOURCE FILE Test CMAKE_HAVE_LIBC_PTHREAD failed with the following output:
Change Dir: /home/ana/Cpp-Practical-Course/sheet08/exercise1/build/CMakeFiles/CMakeTmp

Run Build Command(s):/usr/bin/make cmTC_c37ef/fast && /usr/bin/make -f CMakeFiles/cmTC_c37ef.dir/build.make CMakeFiles/cmTC_c37ef.dir/build
make[1]: Entering directory '/home/ana/Cpp-Practical-Course/sheet08/exercise1/build/CMakeFiles/CMakeTmp'
Building C object CMakeFiles/cmTC_c37ef.dir/src.c.o
/usr/bin/cc   -DCMAKE_HAVE_LIBC_PTHREAD   -o CMakeFiles/cmTC_c37ef.dir/src.c.o   -c /home/ana/Cpp-Practical-Course/sheet08/exercise1/build/CMakeFiles/CMakeTmp/src.c
Linking C executable cmTC_c37ef
/usr/bin/cmake -E cmake_link_script CMakeFiles/cmTC_c37ef.dir/link.txt --verbose=1
/usr/bin/cc  -DCMAKE_HAVE_LIBC_PTHREAD    -rdynamic CMakeFiles/cmTC_c37ef.dir/src.c.o  -o cmTC_c37ef 
/usr/bin/ld: CMakeFiles/cmTC_c37ef.dir/src.c.o: in function `main':
src.c:(.text+0x46): undefined reference to `pthread_create'
/usr/bin/ld: src.c:(.text+0x52): undefined reference to `pthread_detach'
/usr/bin/ld: src.c:(.text+0x63): undefined reference to `pthread_join'
collect2: error: ld returned 1 exit status
make[1]: *** [CMakeFiles/cmTC_c37ef.dir/build.make:87: cmTC_c37ef] Error 1
make[1]: Leaving directory '/home/ana/Cpp-Practical-Course/sheet08/exercise1/build/CMakeFiles/CMakeTmp'
make: *** [Makefile:121: cmTC_c37ef/fast] Error 2


Source file was:
#include <pthread.h>

void* test_func(void* data)
{
  return data;
}

int main(void)
{
  pthread_t thread;
  pthread_create(&thread, NULL, test_func, NULL);
  pthread_detach(thread);
  pthread_join(thread, NULL);
  pthread_atfork(NULL, NULL, NULL);
  pthread_exit(NULL);

  return 0;
}

Determining if the function pthread_create exists in the pthreads failed with the following output:
Change Dir: /home/ana/Cpp-Practical-Course/sheet08/exercise1/build/CMakeFiles/CMakeTmp

Run Build Command(s):/usr/bin/make cmTC_ef544/fast && /usr/bin/make -f CMakeFiles/cmTC_ef544.dir/build.make CMakeFiles/cmTC_ef544.dir/build
make[1]: Entering directory '/home/ana/Cpp-Practical-Course/sheet08/exercise1/build/CMakeFiles/CMakeTmp'
Building C object CMakeFiles/cmTC_ef544.dir/CheckFunctionExists.c.o
/usr/bin/cc   -DCHECK_FUNCTION_EXISTS=pthread_create   -o CMakeFiles/cmTC_ef544.dir/CheckFunctionExists.c.o   -c /usr/share/cmake-3.16/Modules/CheckFunctionExists.c
Linking C executable cmTC_ef544
/usr/bin/cmake -E cmake_link_script CMakeFiles/cmTC_ef544.dir/link.txt --verbose=1
/usr/bin/cc  -DCHECK_FUNCTION_EXISTS=pthread_create    -rdynamic CMakeFiles/cmTC_ef544.dir/CheckFunctionExists.c.o  -o cmTC_ef544  -lpthreads 
/usr/bin/ld: cannot find -lpthreads
collect2: error: ld returned 1 exit status
make[1]: *** [CMakeFiles/cmTC_ef544.dir/build.make:87: cmTC_ef544] Error 1
make[1]: Leaving directory '/home/ana/Cpp-Practical-Course/sheet08/exercise1/build/CMakeFiles/CMakeTmp'
make: *** [Makefile:121: cmTC_ef544/fast] Error 2



Performing C++ SOURCE FILE Test HAVE_CXX_FLAG_WSHORTEN_64_TO_32 failed with the following output:
Change Dir: /home/ana/Cpp-Practical-Course/sheet08/exercise1/build/CMakeFiles/CMakeTmp

Run Build Command(s):/usr/bin/make cmTC_64611/fast && /usr/bin/make -f CMakeFiles/cmTC_64611.dir/build.make CMakeFiles/cmTC_64611.dir/build
make[1]: Entering directory '/home/ana/Cpp-Practical-Course/sheet08/exercise1/build/CMakeFiles/CMakeTmp'
Building CXX object CMakeFiles/cmTC_64611.dir/src.cxx.o
/usr/bin/c++    -Wall -Wextra -Wpedantic  -std=c++11  -Wall  -Wextra  -Wshadow -DHAVE_CXX_FLAG_WSHORTEN_64_TO_32  -Wshorten-64-to-32   -Wshorten-64-to-32 -std=gnu++2a -o CMakeFiles/cmTC_64611.dir/src.cxx.o -c /home/ana/Cpp-Practical-Course/sheet08/exercise1/build/CMakeFiles/CMakeTmp/src.cxx
c++: error: unrecognized command-line option '-Wshorten-64-to-32'
c++: error: unrecognized command-line option '-Wshorten-64-to-32'
make[1]: *** [CMakeFiles/cmTC_64611.dir/build.make:66: CMakeFiles/cmTC_64611.dir/src.cxx.o] Error 1
make[1]: Leaving directory '/home/ana/Cpp-Practical-Course/sheet08/exercise1/build/CMakeFiles/CMakeTmp'
make: *** [Makefile:121: cmTC_64611/fast] Error 2


Source file was:
int main() { return 0; }
Performing C++ SOURCE FILE Test HAVE_CXX_FLAG_WD654 failed with the following output:
Change Dir: /home/ana/Cpp-Practical-Course/sheet08/exercise1/build/CMakeFiles/CMakeTmp

Run Build Command(s):/usr/bin/make cmTC_84d1e/fast && /usr/bin/make -f CMakeFiles/cmTC_84d1e.dir/build.make CMakeFiles/cmTC_84d1e.dir/build
make[1]: Entering directory '/home/ana/Cpp-Practical-Course/sheet08/exercise1/build/CMakeFiles/CMakeTmp'
Building CXX object CMakeFiles/cmTC_84d1e.dir/src.cxx.o
/usr/bin/c++    -Wall -Wextra -Wpedantic  -std=c++11  -Wall  -Wextra  -Wshadow  -fstrict-aliasing  -Wno-deprecated-declarations  -Wstrict-aliasing -DHAVE_CXX_FLAG_WD654  -wd654   -wd654 -std=gnu++2a -o CMakeFiles/cmTC_84d1e.dir/src.cxx.o -c /home/ana/Cpp-Practical-Course/sheet08/exercise1/build/CMakeFiles/CMakeTmp/src.cxx
c++: error: unrecognized command-line option '-wd654'
c++: error: unrecognized command-line option '-wd654'
make[1]: *** [CMakeFiles/cmTC_84d1e.dir/build.make:66: CMakeFiles/cmTC_84d1e.dir/src.cxx.o] Error 1
make[1]: Leaving directory '/home/ana/Cpp-Practical-Course/sheet08/exercise1/build/CMakeFiles/CMakeTmp'
make: *** [Makefile:121: cmTC_84d1e/fast] Error 2


Source file was:
int main() { return 0; }
Performing C++ SOURCE FILE Test HAVE_CXX_FLAG_WTHREAD_SAFETY failed with the following output:
Change Dir: /home/ana/Cpp-Practical-Course/sheet08/exercise1/build/CMakeFiles/CMakeTmp

Run Build Command(s):/usr/bin/make cmTC_52f75/fast && /usr/bin/make -f CMakeFiles/cmTC_52f75.dir/build.make CMakeFiles/cmTC_52f75.dir/build
make[1]: Entering directory '/home/ana/Cpp-Practical-Course/sheet08/exercise1/build/CMakeFiles/CMakeTmp'
Building CXX object CMakeFiles/cmTC_52f75.dir/src.cxx.o
/usr/bin/c++    -Wall -Wextra -Wpedantic  -std=c++11  -Wall  -Wextra  -Wshadow  -fstrict-aliasing  -Wno-deprecated-declarations  -Wstrict-aliasing -DHAVE_CXX_FLAG_WTHREAD_SAFETY  -Wthread-safety   -Wthread-safety -std=gnu++2a -o CMakeFiles/cmTC_52f75.dir/src.cxx.o -c /home/ana/Cpp-Practical-Course/sheet08/exercise1/build/CMakeFiles/CMakeTmp/src.cxx
c++: error: unrecognized command-line option '-Wthread-safety'
c++: error: unrecognized command-line option '-Wthread-safety'
make[1]: *** [CMakeFiles/cmTC_52f75.dir/build.make:66: CMakeFiles/cmTC_52f75.dir/src.cxx.o] Error 1
make[1]: Leaving directory '/home/ana/Cpp-Practical-Course/sheet08/exercise1/build/CMakeFiles/CMakeTmp'
make: *** [Makefile:121: cmTC_52f75/fast] Error 2


Source file was:
int main() { return 0; }
